
 /----------------------------------------------------------------------------\
 |                                                                            |
 |  yosys -- Yosys Open SYnthesis Suite                                       |
 |                                                                            |
 |  Copyright (C) 2012 - 2020  Claire Xenia Wolf <claire@yosyshq.com>         |
 |                                                                            |
 |  Permission to use, copy, modify, and/or distribute this software for any  |
 |  purpose with or without fee is hereby granted, provided that the above    |
 |  copyright notice and this permission notice appear in all copies.         |
 |                                                                            |
 |  THE SOFTWARE IS PROVIDED "AS IS" AND THE AUTHOR DISCLAIMS ALL WARRANTIES  |
 |  WITH REGARD TO THIS SOFTWARE INCLUDING ALL IMPLIED WARRANTIES OF          |
 |  MERCHANTABILITY AND FITNESS. IN NO EVENT SHALL THE AUTHOR BE LIABLE FOR   |
 |  ANY SPECIAL, DIRECT, INDIRECT, OR CONSEQUENTIAL DAMAGES OR ANY DAMAGES    |
 |  WHATSOEVER RESULTING FROM LOSS OF USE, DATA OR PROFITS, WHETHER IN AN     |
 |  ACTION OF CONTRACT, NEGLIGENCE OR OTHER TORTIOUS ACTION, ARISING OUT OF   |
 |  OR IN CONNECTION WITH THE USE OR PERFORMANCE OF THIS SOFTWARE.            |
 |                                                                            |
 \----------------------------------------------------------------------------/

 Yosys 0.16+63 (git sha1 11e75bc27, clang 10.0.0-4ubuntu1 -fPIC -Os)


-- Executing script file `design_aiger.ys' --

1. Executing RTLIL frontend.
Input filename: design.il

2. Executing MEMORY_MAP pass (converting memories to logic and flip-flops).

3. Executing ASYNC2SYNC pass.

4. Executing OPT_CLEAN pass (remove unused cells and wires).
Finding unused cells or wires in module \system..
Finding unused cells or wires in module \Try_1..
Finding unused cells or wires in module \Try..
Finding unused cells or wires in module \Init..
Finding unused cells or wires in module \Idle_1..
Finding unused cells or wires in module \Idle..
Finding unused cells or wires in module \Exit_1..
Finding unused cells or wires in module \Exit..
Finding unused cells or wires in module \Crit_1..
Finding unused cells or wires in module \Crit..

5. Executing SETUNDEF pass (replace undef values with defined constants).

6. Executing OPT pass (performing simple optimizations).

6.1. Executing OPT_EXPR pass (perform const folding).
Optimizing module Crit.
Optimizing module Crit_1.
Optimizing module Exit.
Optimizing module Exit_1.
Optimizing module Idle.
Optimizing module Idle_1.
Optimizing module Init.
Optimizing module Try.
Optimizing module Try_1.
Optimizing module system.

6.2. Executing OPT_MERGE pass (detect identical cells).
Finding identical cells in module `\Crit'.
Finding identical cells in module `\Crit_1'.
Finding identical cells in module `\Exit'.
Finding identical cells in module `\Exit_1'.
Finding identical cells in module `\Idle'.
Finding identical cells in module `\Idle_1'.
Finding identical cells in module `\Init'.
Finding identical cells in module `\Try'.
Finding identical cells in module `\Try_1'.
Finding identical cells in module `\system'.
Removed a total of 0 cells.

6.3. Executing OPT_DFF pass (perform DFF optimizations).
Adding EN signal on $procdff$204 ($dff) from module system (D = $0\x_reg[0:0], Q = \x_reg).
Adding EN signal on $procdff$203 ($dff) from module system (D = $0\n_reg_2[1:0], Q = \n_reg_2).
Adding EN signal on $procdff$202 ($dff) from module system (D = $0\n_reg_1[1:0], Q = \n_reg_1).
Adding EN signal on $procdff$201 ($dff) from module system (D = $0\n_reg_0[1:0], Q = \n_reg_0).

6.4. Executing OPT_CLEAN pass (remove unused cells and wires).
Finding unused cells or wires in module \Crit..
Finding unused cells or wires in module \Crit_1..
Finding unused cells or wires in module \Exit..
Finding unused cells or wires in module \Exit_1..
Finding unused cells or wires in module \Idle..
Finding unused cells or wires in module \Idle_1..
Finding unused cells or wires in module \Init..
Finding unused cells or wires in module \Try..
Finding unused cells or wires in module \Try_1..
Finding unused cells or wires in module \system..

6.5. Rerunning OPT passes. (Removed registers in this run.)

6.6. Executing OPT_EXPR pass (perform const folding).
Optimizing module Crit.
Optimizing module Crit_1.
Optimizing module Exit.
Optimizing module Exit_1.
Optimizing module Idle.
Optimizing module Idle_1.
Optimizing module Init.
Optimizing module Try.
Optimizing module Try_1.
Optimizing module system.
<suppressed ~4 debug messages>

6.7. Executing OPT_MERGE pass (detect identical cells).
Finding identical cells in module `\Crit'.
Finding identical cells in module `\Crit_1'.
Finding identical cells in module `\Exit'.
Finding identical cells in module `\Exit_1'.
Finding identical cells in module `\Idle'.
Finding identical cells in module `\Idle_1'.
Finding identical cells in module `\Init'.
Finding identical cells in module `\Try'.
Finding identical cells in module `\Try_1'.
Finding identical cells in module `\system'.
<suppressed ~9 debug messages>
Removed a total of 3 cells.

6.8. Executing OPT_DFF pass (perform DFF optimizations).

6.9. Executing OPT_CLEAN pass (remove unused cells and wires).
Finding unused cells or wires in module \Crit..
Finding unused cells or wires in module \Crit_1..
Finding unused cells or wires in module \Exit..
Finding unused cells or wires in module \Exit_1..
Finding unused cells or wires in module \Idle..
Finding unused cells or wires in module \Idle_1..
Finding unused cells or wires in module \Init..
Finding unused cells or wires in module \Try..
Finding unused cells or wires in module \Try_1..
Finding unused cells or wires in module \system..
Removed 0 unused cells and 3 unused wires.
<suppressed ~1 debug messages>

6.10. Finished fast OPT passes.

7. Executing CHECK pass (checking for obvious problems).
Checking module Crit...
Checking module Crit_1...
Checking module Exit...
Checking module Exit_1...
Checking module Idle...
Checking module Idle_1...
Checking module Init...
Checking module Try...
Checking module Try_1...
Checking module system...
Found and reported 0 problems.

8. Executing HIERARCHY pass (managing design hierarchy).

8.1. Analyzing design hierarchy..
Top module:  \system
Used module:     \Init
Used module:     \Try
Used module:     \Try_1
Used module:     \Crit
Used module:     \Crit_1
Used module:     \Exit
Used module:     \Exit_1
Used module:     \Idle
Used module:     \Idle_1

8.2. Analyzing design hierarchy..
Top module:  \system
Used module:     \Init
Used module:     \Try
Used module:     \Try_1
Used module:     \Crit
Used module:     \Crit_1
Used module:     \Exit
Used module:     \Exit_1
Used module:     \Idle
Used module:     \Idle_1
Removed 0 unused modules.
Module system directly or indirectly contains formal properties -> setting "keep" attribute.

9. Executing FLATTEN pass (flatten design).
Deleting now unused module Crit.
Deleting now unused module Crit_1.
Deleting now unused module Exit.
Deleting now unused module Exit_1.
Deleting now unused module Idle.
Deleting now unused module Idle_1.
Deleting now unused module Init.
Deleting now unused module Try.
Deleting now unused module Try_1.
<suppressed ~9 debug messages>

10. Executing SETUNDEF pass (replace undef values with defined constants).

11. Executing OPT pass (performing simple optimizations).

11.1. Executing OPT_EXPR pass (perform const folding).
Optimizing module system.
<suppressed ~1 debug messages>

11.2. Executing OPT_MERGE pass (detect identical cells).
Finding identical cells in module `\system'.
<suppressed ~11 debug messages>
Removed a total of 4 cells.

11.3. Executing OPT_MUXTREE pass (detect dead branches in mux trees).
Running muxtree optimizer on module \system..
  Creating internal representation of mux trees.
  Evaluating internal representation of mux trees.
  Analyzing evaluation results.
    dead port 2/2 on $mux $flatten\rules_0.$ternary$protocol.sv:13$126.
    dead port 2/2 on $mux $flatten\rules_3.$ternary$protocol.sv:65$118.
    dead port 2/2 on $mux $flatten\rules_4.$ternary$protocol.sv:84$110.
    dead port 2/2 on $mux $flatten\rules_5.$ternary$protocol.sv:100$103.
    dead port 2/2 on $mux $flatten\rules_7.$ternary$protocol.sv:135$96.
    dead port 2/2 on $mux $flatten\rules_8.$ternary$protocol.sv:154$90.
    dead port 2/2 on $mux $flatten\rules_0.$ternary$protocol.sv:14$127.
    dead port 2/2 on $mux $flatten\rules_1.$ternary$protocol.sv:30$125.
    dead port 2/2 on $mux $flatten\rules_2.$ternary$protocol.sv:48$122.
    dead port 2/2 on $mux $flatten\rules_3.$ternary$protocol.sv:67$119.
    dead port 2/2 on $mux $flatten\rules_4.$ternary$protocol.sv:85$111.
    dead port 2/2 on $mux $flatten\rules_6.$ternary$protocol.sv:118$100.
    dead port 2/2 on $mux $flatten\rules_7.$ternary$protocol.sv:137$97.
    dead port 2/2 on $mux $flatten\rules_8.$ternary$protocol.sv:155$91.
Removed 14 multiplexer ports.
<suppressed ~7 debug messages>

11.4. Executing OPT_REDUCE pass (consolidate $*mux and $reduce_* inputs).
  Optimizing cells in module \system.
Performed a total of 0 changes.

11.5. Executing OPT_MERGE pass (detect identical cells).
Finding identical cells in module `\system'.
Removed a total of 0 cells.

11.6. Executing OPT_SHARE pass.

11.7. Executing OPT_DFF pass (perform DFF optimizations).
Adding SRST signal on $procdff$193 ($dff) from module system (D = $auto$rtlil.cc:3138:Anyseq$206, Q = $formal$protocol.sv:506$3_CHECK, rval = 1'1).
Adding EN signal on $auto$ff.cc:262:slice$220 ($dffe) from module system (D = $0\n_reg_0[1:0], Q = \n_reg_0).
Adding EN signal on $auto$ff.cc:262:slice$217 ($dffe) from module system (D = $0\n_reg_1[1:0], Q = \n_reg_1).
Adding EN signal on $auto$ff.cc:262:slice$214 ($dffe) from module system (D = $0\n_reg_2[1:0], Q = \n_reg_2).
Adding EN signal on $auto$ff.cc:262:slice$211 ($dffe) from module system (D = $0\x_reg[0:0], Q = \x_reg).

11.8. Executing OPT_CLEAN pass (remove unused cells and wires).
Finding unused cells or wires in module \system..
Removed 22 unused cells and 24 unused wires.
<suppressed ~28 debug messages>

11.9. Executing OPT_EXPR pass (perform const folding).
Optimizing module system.
<suppressed ~24 debug messages>

11.10. Rerunning OPT passes. (Maybe there is more to do..)

11.11. Executing OPT_MUXTREE pass (detect dead branches in mux trees).
Running muxtree optimizer on module \system..
  Creating internal representation of mux trees.
  Evaluating internal representation of mux trees.
  Analyzing evaluation results.
Removed 0 multiplexer ports.
<suppressed ~5 debug messages>

11.12. Executing OPT_REDUCE pass (consolidate $*mux and $reduce_* inputs).
  Optimizing cells in module \system.
Performed a total of 0 changes.

11.13. Executing OPT_MERGE pass (detect identical cells).
Finding identical cells in module `\system'.
<suppressed ~18 debug messages>
Removed a total of 6 cells.

11.14. Executing OPT_SHARE pass.

11.15. Executing OPT_DFF pass (perform DFF optimizations).
Adding SRST signal on $auto$ff.cc:262:slice$272 ($dffe) from module system (D = $procmux$164_Y, Q = \n_reg_2, rval = 2'00).

11.16. Executing OPT_CLEAN pass (remove unused cells and wires).
Finding unused cells or wires in module \system..
Removed 1 unused cells and 13 unused wires.
<suppressed ~2 debug messages>

11.17. Executing OPT_EXPR pass (perform const folding).
Optimizing module system.

11.18. Rerunning OPT passes. (Maybe there is more to do..)

11.19. Executing OPT_MUXTREE pass (detect dead branches in mux trees).
Running muxtree optimizer on module \system..
  Creating internal representation of mux trees.
  Evaluating internal representation of mux trees.
  Analyzing evaluation results.
Removed 0 multiplexer ports.
<suppressed ~5 debug messages>

11.20. Executing OPT_REDUCE pass (consolidate $*mux and $reduce_* inputs).
  Optimizing cells in module \system.
Performed a total of 0 changes.

11.21. Executing OPT_MERGE pass (detect identical cells).
Finding identical cells in module `\system'.
Removed a total of 0 cells.

11.22. Executing OPT_SHARE pass.

11.23. Executing OPT_DFF pass (perform DFF optimizations).
Adding SRST signal on $auto$ff.cc:262:slice$253 ($dffe) from module system (D = $procmux$170_Y, Q = \n_reg_1, rval = 2'00).

11.24. Executing OPT_CLEAN pass (remove unused cells and wires).
Finding unused cells or wires in module \system..
Removed 1 unused cells and 1 unused wires.
<suppressed ~2 debug messages>

11.25. Executing OPT_EXPR pass (perform const folding).
Optimizing module system.

11.26. Rerunning OPT passes. (Maybe there is more to do..)

11.27. Executing OPT_MUXTREE pass (detect dead branches in mux trees).
Running muxtree optimizer on module \system..
  Creating internal representation of mux trees.
  Evaluating internal representation of mux trees.
  Analyzing evaluation results.
Removed 0 multiplexer ports.
<suppressed ~5 debug messages>

11.28. Executing OPT_REDUCE pass (consolidate $*mux and $reduce_* inputs).
  Optimizing cells in module \system.
Performed a total of 0 changes.

11.29. Executing OPT_MERGE pass (detect identical cells).
Finding identical cells in module `\system'.
Removed a total of 0 cells.

11.30. Executing OPT_SHARE pass.

11.31. Executing OPT_DFF pass (perform DFF optimizations).

11.32. Executing OPT_CLEAN pass (remove unused cells and wires).
Finding unused cells or wires in module \system..

11.33. Executing OPT_EXPR pass (perform const folding).
Optimizing module system.

11.34. Finished OPT passes. (There is nothing left to do.)

12. Executing TECHMAP pass (map to technology primitives).

12.1. Executing Verilog-2005 frontend: /Developer/github/oss-cad-suite/lib/../share/yosys/techmap.v
Parsing Verilog input from `/Developer/github/oss-cad-suite/lib/../share/yosys/techmap.v' to AST representation.
Generating RTLIL representation for module `\_90_simplemap_bool_ops'.
Generating RTLIL representation for module `\_90_simplemap_reduce_ops'.
Generating RTLIL representation for module `\_90_simplemap_logic_ops'.
Generating RTLIL representation for module `\_90_simplemap_compare_ops'.
Generating RTLIL representation for module `\_90_simplemap_various'.
Generating RTLIL representation for module `\_90_simplemap_registers'.
Generating RTLIL representation for module `\_90_shift_ops_shr_shl_sshl_sshr'.
Generating RTLIL representation for module `\_90_shift_shiftx'.
Generating RTLIL representation for module `\_90_fa'.
Generating RTLIL representation for module `\_90_lcu'.
Generating RTLIL representation for module `\_90_alu'.
Generating RTLIL representation for module `\_90_macc'.
Generating RTLIL representation for module `\_90_alumacc'.
Generating RTLIL representation for module `\$__div_mod_u'.
Generating RTLIL representation for module `\$__div_mod_trunc'.
Generating RTLIL representation for module `\_90_div'.
Generating RTLIL representation for module `\_90_mod'.
Generating RTLIL representation for module `\$__div_mod_floor'.
Generating RTLIL representation for module `\_90_divfloor'.
Generating RTLIL representation for module `\_90_modfloor'.
Generating RTLIL representation for module `\_90_pow'.
Generating RTLIL representation for module `\_90_pmux'.
Generating RTLIL representation for module `\_90_demux'.
Generating RTLIL representation for module `\_90_lut'.
Successfully finished Verilog frontend.

12.2. Continuing TECHMAP pass.
Using extmapper simplemap for cells of type $reduce_and.
Using extmapper simplemap for cells of type $ne.
Using extmapper simplemap for cells of type $not.
Using extmapper simplemap for cells of type $sdffce.
Using extmapper simplemap for cells of type $logic_not.
Using extmapper simplemap for cells of type $eq.
Using extmapper simplemap for cells of type $logic_and.
Using extmapper simplemap for cells of type $or.
Using extmapper simplemap for cells of type $dff.
Using extmapper simplemap for cells of type $dffe.
Using extmapper simplemap for cells of type $mux.
Using extmapper simplemap for cells of type $reduce_bool.
Using extmapper simplemap for cells of type $sdff.
Using extmapper simplemap for cells of type $and.
No more expansions possible.
<suppressed ~143 debug messages>

13. Executing OPT pass (performing simple optimizations).

13.1. Executing OPT_EXPR pass (perform const folding).
Optimizing module system.
<suppressed ~170 debug messages>

13.2. Executing OPT_MERGE pass (detect identical cells).
Finding identical cells in module `\system'.
<suppressed ~186 debug messages>
Removed a total of 62 cells.

13.3. Executing OPT_DFF pass (perform DFF optimizations).

13.4. Executing OPT_CLEAN pass (remove unused cells and wires).
Finding unused cells or wires in module \system..
Removed 0 unused cells and 116 unused wires.
<suppressed ~1 debug messages>

13.5. Finished fast OPT passes.

14. Executing DFFUNMAP pass (unmap clock enable and synchronous reset from FFs).

15. Executing ABC pass (technology mapping using ABC).

15.1. Extracting gate netlist of module `\system' to `<abc-temp-dir>/input.blif'..
Extracted 151 gates and 171 wires to a netlist network with 18 inputs and 10 outputs.

15.1.1. Executing ABC.
Running ABC command: <yosys-exe-dir>/yosys-abc -s -f <abc-temp-dir>/abc.script 2>&1
ABC: ABC command line: "source <abc-temp-dir>/abc.script".
ABC: 
ABC: + read_blif <abc-temp-dir>/input.blif 
ABC: + read_library <abc-temp-dir>/stdcells.genlib 
ABC: Entered genlib library with 5 gates from file "<abc-temp-dir>/stdcells.genlib".
ABC: + strash 
ABC: + dretime 
ABC: + map 
ABC: + write_blif <abc-temp-dir>/output.blif 

15.1.2. Re-integrating ABC results.
ABC RESULTS:               AND cells:      144
ABC RESULTS:               NOT cells:       93
ABC RESULTS:        internal signals:      143
ABC RESULTS:           input signals:       18
ABC RESULTS:          output signals:       10
Removing temp directory.

16. Executing OPT_CLEAN pass (remove unused cells and wires).
Finding unused cells or wires in module \system..
Removed 0 unused cells and 141 unused wires.
<suppressed ~24 debug messages>

17. Printing statistics.

=== system ===

   Number of wires:                436
   Number of wire bits:            561
   Number of public wires:         186
   Number of public wire bits:     311
   Number of memories:               0
   Number of memory bits:            0
   Number of processes:              0
   Number of cells:                257
     $_AND_                        144
     $_DFF_P_                        9
     $_NOT_                         93
     $anyseq                         6
     $assert                         3
     $assume                         1
     $initstate                      1

18. Executing AIGER backend.

End of script. Logfile hash: 3a27a2d84d, CPU: user 0.10s system 0.01s, MEM: 15.32 MB peak
Yosys 0.16+63 (git sha1 11e75bc27, clang 10.0.0-4ubuntu1 -fPIC -Os)
Time spent: 42% 1x abc (0 sec), 15% 9x opt_clean (0 sec), ...
