
 /----------------------------------------------------------------------------\
 |                                                                            |
 |  yosys -- Yosys Open SYnthesis Suite                                       |
 |                                                                            |
 |  Copyright (C) 2012 - 2020  Claire Xenia Wolf <claire@yosyshq.com>         |
 |                                                                            |
 |  Permission to use, copy, modify, and/or distribute this software for any  |
 |  purpose with or without fee is hereby granted, provided that the above    |
 |  copyright notice and this permission notice appear in all copies.         |
 |                                                                            |
 |  THE SOFTWARE IS PROVIDED "AS IS" AND THE AUTHOR DISCLAIMS ALL WARRANTIES  |
 |  WITH REGARD TO THIS SOFTWARE INCLUDING ALL IMPLIED WARRANTIES OF          |
 |  MERCHANTABILITY AND FITNESS. IN NO EVENT SHALL THE AUTHOR BE LIABLE FOR   |
 |  ANY SPECIAL, DIRECT, INDIRECT, OR CONSEQUENTIAL DAMAGES OR ANY DAMAGES    |
 |  WHATSOEVER RESULTING FROM LOSS OF USE, DATA OR PROFITS, WHETHER IN AN     |
 |  ACTION OF CONTRACT, NEGLIGENCE OR OTHER TORTIOUS ACTION, ARISING OUT OF   |
 |  OR IN CONNECTION WITH THE USE OR PERFORMANCE OF THIS SOFTWARE.            |
 |                                                                            |
 \----------------------------------------------------------------------------/

 Yosys 0.26+53 (git sha1 8216b23fb, clang 10.0.0-4ubuntu1 -fPIC -Os)


-- Executing script file `design_prep.ys' --

1. Executing RTLIL frontend.
Input filename: design.il

2. Executing SCC pass (detecting logic loops).
Found 0 SCCs in module system.
Found 0 SCCs in module sharerinvalidatescache_9.
Found 0 SCCs in module sharerinvalidatescache_8.
Found 0 SCCs in module sharerinvalidatescache_7.
Found 0 SCCs in module sharerinvalidatescache_6.
Found 0 SCCs in module sharerinvalidatescache_5.
Found 0 SCCs in module sharerinvalidatescache_4.
Found 0 SCCs in module sharerinvalidatescache_3.
Found 0 SCCs in module sharerinvalidatescache_2.
Found 0 SCCs in module sharerinvalidatescache_11.
Found 0 SCCs in module sharerinvalidatescache_10.
Found 0 SCCs in module sharerinvalidatescache_1.
Found 0 SCCs in module sharerinvalidatescache.
Found 0 SCCs in module homesendsreplytoclient_shared.
Found 0 SCCs in module homesendsreplytoclient_exclusive.
Found 0 SCCs in module homesendsinvalidatemessage_9.
Found 0 SCCs in module homesendsinvalidatemessage_8.
Found 0 SCCs in module homesendsinvalidatemessage_7.
Found 0 SCCs in module homesendsinvalidatemessage_6.
Found 0 SCCs in module homesendsinvalidatemessage_5.
Found 0 SCCs in module homesendsinvalidatemessage_4.
Found 0 SCCs in module homesendsinvalidatemessage_3.
Found 0 SCCs in module homesendsinvalidatemessage_2.
Found 0 SCCs in module homesendsinvalidatemessage_11.
Found 0 SCCs in module homesendsinvalidatemessage_10.
Found 0 SCCs in module homesendsinvalidatemessage_1.
Found 0 SCCs in module homesendsinvalidatemessage.
Found 0 SCCs in module homereceivesinvalidateacknowledgement_9.
Found 0 SCCs in module homereceivesinvalidateacknowledgement_8.
Found 0 SCCs in module homereceivesinvalidateacknowledgement_7.
Found 0 SCCs in module homereceivesinvalidateacknowledgement_6.
Found 0 SCCs in module homereceivesinvalidateacknowledgement_5.
Found 0 SCCs in module homereceivesinvalidateacknowledgement_4.
Found 0 SCCs in module homereceivesinvalidateacknowledgement_3.
Found 0 SCCs in module homereceivesinvalidateacknowledgement_2.
Found 0 SCCs in module homereceivesinvalidateacknowledgement_11.
Found 0 SCCs in module homereceivesinvalidateacknowledgement_10.
Found 0 SCCs in module homereceivesinvalidateacknowledgement_1.
Found 0 SCCs in module homereceivesinvalidateacknowledgement.
Found 0 SCCs in module homepicksnewrequest_9.
Found 0 SCCs in module homepicksnewrequest_8.
Found 0 SCCs in module homepicksnewrequest_7.
Found 0 SCCs in module homepicksnewrequest_6.
Found 0 SCCs in module homepicksnewrequest_5.
Found 0 SCCs in module homepicksnewrequest_4.
Found 0 SCCs in module homepicksnewrequest_3.
Found 0 SCCs in module homepicksnewrequest_2.
Found 0 SCCs in module homepicksnewrequest_11.
Found 0 SCCs in module homepicksnewrequest_10.
Found 0 SCCs in module homepicksnewrequest_1.
Found 0 SCCs in module homepicksnewrequest.
Found 0 SCCs in module clientrequestssharedaccess_9.
Found 0 SCCs in module clientrequestssharedaccess_8.
Found 0 SCCs in module clientrequestssharedaccess_7.
Found 0 SCCs in module clientrequestssharedaccess_6.
Found 0 SCCs in module clientrequestssharedaccess_5.
Found 0 SCCs in module clientrequestssharedaccess_4.
Found 0 SCCs in module clientrequestssharedaccess_3.
Found 0 SCCs in module clientrequestssharedaccess_2.
Found 0 SCCs in module clientrequestssharedaccess_11.
Found 0 SCCs in module clientrequestssharedaccess_10.
Found 0 SCCs in module clientrequestssharedaccess_1.
Found 0 SCCs in module clientrequestssharedaccess.
Found 0 SCCs in module clientrequestsexclusiveaccess_9.
Found 0 SCCs in module clientrequestsexclusiveaccess_8.
Found 0 SCCs in module clientrequestsexclusiveaccess_7.
Found 0 SCCs in module clientrequestsexclusiveaccess_6.
Found 0 SCCs in module clientrequestsexclusiveaccess_5.
Found 0 SCCs in module clientrequestsexclusiveaccess_4.
Found 0 SCCs in module clientrequestsexclusiveaccess_3.
Found 0 SCCs in module clientrequestsexclusiveaccess_2.
Found 0 SCCs in module clientrequestsexclusiveaccess_11.
Found 0 SCCs in module clientrequestsexclusiveaccess_10.
Found 0 SCCs in module clientrequestsexclusiveaccess_1.
Found 0 SCCs in module clientrequestsexclusiveaccess.
Found 0 SCCs in module clientreceivessharedgrant_9.
Found 0 SCCs in module clientreceivessharedgrant_8.
Found 0 SCCs in module clientreceivessharedgrant_7.
Found 0 SCCs in module clientreceivessharedgrant_6.
Found 0 SCCs in module clientreceivessharedgrant_5.
Found 0 SCCs in module clientreceivessharedgrant_4.
Found 0 SCCs in module clientreceivessharedgrant_3.
Found 0 SCCs in module clientreceivessharedgrant_2.
Found 0 SCCs in module clientreceivessharedgrant_11.
Found 0 SCCs in module clientreceivessharedgrant_10.
Found 0 SCCs in module clientreceivessharedgrant_1.
Found 0 SCCs in module clientreceivessharedgrant.
Found 0 SCCs in module clientreceivedexclusivegrant_9.
Found 0 SCCs in module clientreceivedexclusivegrant_8.
Found 0 SCCs in module clientreceivedexclusivegrant_7.
Found 0 SCCs in module clientreceivedexclusivegrant_6.
Found 0 SCCs in module clientreceivedexclusivegrant_5.
Found 0 SCCs in module clientreceivedexclusivegrant_4.
Found 0 SCCs in module clientreceivedexclusivegrant_3.
Found 0 SCCs in module clientreceivedexclusivegrant_2.
Found 0 SCCs in module clientreceivedexclusivegrant_11.
Found 0 SCCs in module clientreceivedexclusivegrant_10.
Found 0 SCCs in module clientreceivedexclusivegrant_1.
Found 0 SCCs in module clientreceivedexclusivegrant.
Found 0 SCCs in module Init.
Found 0 SCCs.

3. Executing SIMPLEMAP pass (map simple cells to gate primitives).

4. Executing MEMORY_NORDFF pass (extracting $dff cells from memories).

5. Executing ASYNC2SYNC pass.

6. Executing OPT_CLEAN pass (remove unused cells and wires).
Finding unused cells or wires in module \system..
Finding unused cells or wires in module \sharerinvalidatescache_9..
Finding unused cells or wires in module \sharerinvalidatescache_8..
Finding unused cells or wires in module \sharerinvalidatescache_7..
Finding unused cells or wires in module \sharerinvalidatescache_6..
Finding unused cells or wires in module \sharerinvalidatescache_5..
Finding unused cells or wires in module \sharerinvalidatescache_4..
Finding unused cells or wires in module \sharerinvalidatescache_3..
Finding unused cells or wires in module \sharerinvalidatescache_2..
Finding unused cells or wires in module \sharerinvalidatescache_11..
Finding unused cells or wires in module \sharerinvalidatescache_10..
Finding unused cells or wires in module \sharerinvalidatescache_1..
Finding unused cells or wires in module \sharerinvalidatescache..
Finding unused cells or wires in module \homesendsreplytoclient_shared..
Finding unused cells or wires in module \homesendsreplytoclient_exclusive..
Finding unused cells or wires in module \homesendsinvalidatemessage_9..
Finding unused cells or wires in module \homesendsinvalidatemessage_8..
Finding unused cells or wires in module \homesendsinvalidatemessage_7..
Finding unused cells or wires in module \homesendsinvalidatemessage_6..
Finding unused cells or wires in module \homesendsinvalidatemessage_5..
Finding unused cells or wires in module \homesendsinvalidatemessage_4..
Finding unused cells or wires in module \homesendsinvalidatemessage_3..
Finding unused cells or wires in module \homesendsinvalidatemessage_2..
Finding unused cells or wires in module \homesendsinvalidatemessage_11..
Finding unused cells or wires in module \homesendsinvalidatemessage_10..
Finding unused cells or wires in module \homesendsinvalidatemessage_1..
Finding unused cells or wires in module \homesendsinvalidatemessage..
Finding unused cells or wires in module \homereceivesinvalidateacknowledgement_9..
Finding unused cells or wires in module \homereceivesinvalidateacknowledgement_8..
Finding unused cells or wires in module \homereceivesinvalidateacknowledgement_7..
Finding unused cells or wires in module \homereceivesinvalidateacknowledgement_6..
Finding unused cells or wires in module \homereceivesinvalidateacknowledgement_5..
Finding unused cells or wires in module \homereceivesinvalidateacknowledgement_4..
Finding unused cells or wires in module \homereceivesinvalidateacknowledgement_3..
Finding unused cells or wires in module \homereceivesinvalidateacknowledgement_2..
Finding unused cells or wires in module \homereceivesinvalidateacknowledgement_11..
Finding unused cells or wires in module \homereceivesinvalidateacknowledgement_10..
Finding unused cells or wires in module \homereceivesinvalidateacknowledgement_1..
Finding unused cells or wires in module \homereceivesinvalidateacknowledgement..
Finding unused cells or wires in module \homepicksnewrequest_9..
Finding unused cells or wires in module \homepicksnewrequest_8..
Finding unused cells or wires in module \homepicksnewrequest_7..
Finding unused cells or wires in module \homepicksnewrequest_6..
Finding unused cells or wires in module \homepicksnewrequest_5..
Finding unused cells or wires in module \homepicksnewrequest_4..
Finding unused cells or wires in module \homepicksnewrequest_3..
Finding unused cells or wires in module \homepicksnewrequest_2..
Finding unused cells or wires in module \homepicksnewrequest_11..
Finding unused cells or wires in module \homepicksnewrequest_10..
Finding unused cells or wires in module \homepicksnewrequest_1..
Finding unused cells or wires in module \homepicksnewrequest..
Finding unused cells or wires in module \clientrequestssharedaccess_9..
Finding unused cells or wires in module \clientrequestssharedaccess_8..
Finding unused cells or wires in module \clientrequestssharedaccess_7..
Finding unused cells or wires in module \clientrequestssharedaccess_6..
Finding unused cells or wires in module \clientrequestssharedaccess_5..
Finding unused cells or wires in module \clientrequestssharedaccess_4..
Finding unused cells or wires in module \clientrequestssharedaccess_3..
Finding unused cells or wires in module \clientrequestssharedaccess_2..
Finding unused cells or wires in module \clientrequestssharedaccess_11..
Finding unused cells or wires in module \clientrequestssharedaccess_10..
Finding unused cells or wires in module \clientrequestssharedaccess_1..
Finding unused cells or wires in module \clientrequestssharedaccess..
Finding unused cells or wires in module \clientrequestsexclusiveaccess_9..
Finding unused cells or wires in module \clientrequestsexclusiveaccess_8..
Finding unused cells or wires in module \clientrequestsexclusiveaccess_7..
Finding unused cells or wires in module \clientrequestsexclusiveaccess_6..
Finding unused cells or wires in module \clientrequestsexclusiveaccess_5..
Finding unused cells or wires in module \clientrequestsexclusiveaccess_4..
Finding unused cells or wires in module \clientrequestsexclusiveaccess_3..
Finding unused cells or wires in module \clientrequestsexclusiveaccess_2..
Finding unused cells or wires in module \clientrequestsexclusiveaccess_11..
Finding unused cells or wires in module \clientrequestsexclusiveaccess_10..
Finding unused cells or wires in module \clientrequestsexclusiveaccess_1..
Finding unused cells or wires in module \clientrequestsexclusiveaccess..
Finding unused cells or wires in module \clientreceivessharedgrant_9..
Finding unused cells or wires in module \clientreceivessharedgrant_8..
Finding unused cells or wires in module \clientreceivessharedgrant_7..
Finding unused cells or wires in module \clientreceivessharedgrant_6..
Finding unused cells or wires in module \clientreceivessharedgrant_5..
Finding unused cells or wires in module \clientreceivessharedgrant_4..
Finding unused cells or wires in module \clientreceivessharedgrant_3..
Finding unused cells or wires in module \clientreceivessharedgrant_2..
Finding unused cells or wires in module \clientreceivessharedgrant_11..
Finding unused cells or wires in module \clientreceivessharedgrant_10..
Finding unused cells or wires in module \clientreceivessharedgrant_1..
Finding unused cells or wires in module \clientreceivessharedgrant..
Finding unused cells or wires in module \clientreceivedexclusivegrant_9..
Finding unused cells or wires in module \clientreceivedexclusivegrant_8..
Finding unused cells or wires in module \clientreceivedexclusivegrant_7..
Finding unused cells or wires in module \clientreceivedexclusivegrant_6..
Finding unused cells or wires in module \clientreceivedexclusivegrant_5..
Finding unused cells or wires in module \clientreceivedexclusivegrant_4..
Finding unused cells or wires in module \clientreceivedexclusivegrant_3..
Finding unused cells or wires in module \clientreceivedexclusivegrant_2..
Finding unused cells or wires in module \clientreceivedexclusivegrant_11..
Finding unused cells or wires in module \clientreceivedexclusivegrant_10..
Finding unused cells or wires in module \clientreceivedexclusivegrant_1..
Finding unused cells or wires in module \clientreceivedexclusivegrant..
Finding unused cells or wires in module \Init..

7. Executing FORMALFF pass.

8. Executing OPT_CLEAN pass (remove unused cells and wires).
Finding unused cells or wires in module \Init..
Finding unused cells or wires in module \clientreceivedexclusivegrant..
Finding unused cells or wires in module \clientreceivedexclusivegrant_1..
Finding unused cells or wires in module \clientreceivedexclusivegrant_10..
Finding unused cells or wires in module \clientreceivedexclusivegrant_11..
Finding unused cells or wires in module \clientreceivedexclusivegrant_2..
Finding unused cells or wires in module \clientreceivedexclusivegrant_3..
Finding unused cells or wires in module \clientreceivedexclusivegrant_4..
Finding unused cells or wires in module \clientreceivedexclusivegrant_5..
Finding unused cells or wires in module \clientreceivedexclusivegrant_6..
Finding unused cells or wires in module \clientreceivedexclusivegrant_7..
Finding unused cells or wires in module \clientreceivedexclusivegrant_8..
Finding unused cells or wires in module \clientreceivedexclusivegrant_9..
Finding unused cells or wires in module \clientreceivessharedgrant..
Finding unused cells or wires in module \clientreceivessharedgrant_1..
Finding unused cells or wires in module \clientreceivessharedgrant_10..
Finding unused cells or wires in module \clientreceivessharedgrant_11..
Finding unused cells or wires in module \clientreceivessharedgrant_2..
Finding unused cells or wires in module \clientreceivessharedgrant_3..
Finding unused cells or wires in module \clientreceivessharedgrant_4..
Finding unused cells or wires in module \clientreceivessharedgrant_5..
Finding unused cells or wires in module \clientreceivessharedgrant_6..
Finding unused cells or wires in module \clientreceivessharedgrant_7..
Finding unused cells or wires in module \clientreceivessharedgrant_8..
Finding unused cells or wires in module \clientreceivessharedgrant_9..
Finding unused cells or wires in module \clientrequestsexclusiveaccess..
Finding unused cells or wires in module \clientrequestsexclusiveaccess_1..
Finding unused cells or wires in module \clientrequestsexclusiveaccess_10..
Finding unused cells or wires in module \clientrequestsexclusiveaccess_11..
Finding unused cells or wires in module \clientrequestsexclusiveaccess_2..
Finding unused cells or wires in module \clientrequestsexclusiveaccess_3..
Finding unused cells or wires in module \clientrequestsexclusiveaccess_4..
Finding unused cells or wires in module \clientrequestsexclusiveaccess_5..
Finding unused cells or wires in module \clientrequestsexclusiveaccess_6..
Finding unused cells or wires in module \clientrequestsexclusiveaccess_7..
Finding unused cells or wires in module \clientrequestsexclusiveaccess_8..
Finding unused cells or wires in module \clientrequestsexclusiveaccess_9..
Finding unused cells or wires in module \clientrequestssharedaccess..
Finding unused cells or wires in module \clientrequestssharedaccess_1..
Finding unused cells or wires in module \clientrequestssharedaccess_10..
Finding unused cells or wires in module \clientrequestssharedaccess_11..
Finding unused cells or wires in module \clientrequestssharedaccess_2..
Finding unused cells or wires in module \clientrequestssharedaccess_3..
Finding unused cells or wires in module \clientrequestssharedaccess_4..
Finding unused cells or wires in module \clientrequestssharedaccess_5..
Finding unused cells or wires in module \clientrequestssharedaccess_6..
Finding unused cells or wires in module \clientrequestssharedaccess_7..
Finding unused cells or wires in module \clientrequestssharedaccess_8..
Finding unused cells or wires in module \clientrequestssharedaccess_9..
Finding unused cells or wires in module \homepicksnewrequest..
Finding unused cells or wires in module \homepicksnewrequest_1..
Finding unused cells or wires in module \homepicksnewrequest_10..
Finding unused cells or wires in module \homepicksnewrequest_11..
Finding unused cells or wires in module \homepicksnewrequest_2..
Finding unused cells or wires in module \homepicksnewrequest_3..
Finding unused cells or wires in module \homepicksnewrequest_4..
Finding unused cells or wires in module \homepicksnewrequest_5..
Finding unused cells or wires in module \homepicksnewrequest_6..
Finding unused cells or wires in module \homepicksnewrequest_7..
Finding unused cells or wires in module \homepicksnewrequest_8..
Finding unused cells or wires in module \homepicksnewrequest_9..
Finding unused cells or wires in module \homereceivesinvalidateacknowledgement..
Finding unused cells or wires in module \homereceivesinvalidateacknowledgement_1..
Finding unused cells or wires in module \homereceivesinvalidateacknowledgement_10..
Finding unused cells or wires in module \homereceivesinvalidateacknowledgement_11..
Finding unused cells or wires in module \homereceivesinvalidateacknowledgement_2..
Finding unused cells or wires in module \homereceivesinvalidateacknowledgement_3..
Finding unused cells or wires in module \homereceivesinvalidateacknowledgement_4..
Finding unused cells or wires in module \homereceivesinvalidateacknowledgement_5..
Finding unused cells or wires in module \homereceivesinvalidateacknowledgement_6..
Finding unused cells or wires in module \homereceivesinvalidateacknowledgement_7..
Finding unused cells or wires in module \homereceivesinvalidateacknowledgement_8..
Finding unused cells or wires in module \homereceivesinvalidateacknowledgement_9..
Finding unused cells or wires in module \homesendsinvalidatemessage..
Finding unused cells or wires in module \homesendsinvalidatemessage_1..
Finding unused cells or wires in module \homesendsinvalidatemessage_10..
Finding unused cells or wires in module \homesendsinvalidatemessage_11..
Finding unused cells or wires in module \homesendsinvalidatemessage_2..
Finding unused cells or wires in module \homesendsinvalidatemessage_3..
Finding unused cells or wires in module \homesendsinvalidatemessage_4..
Finding unused cells or wires in module \homesendsinvalidatemessage_5..
Finding unused cells or wires in module \homesendsinvalidatemessage_6..
Finding unused cells or wires in module \homesendsinvalidatemessage_7..
Finding unused cells or wires in module \homesendsinvalidatemessage_8..
Finding unused cells or wires in module \homesendsinvalidatemessage_9..
Finding unused cells or wires in module \homesendsreplytoclient_exclusive..
Finding unused cells or wires in module \homesendsreplytoclient_shared..
Finding unused cells or wires in module \sharerinvalidatescache..
Finding unused cells or wires in module \sharerinvalidatescache_1..
Finding unused cells or wires in module \sharerinvalidatescache_10..
Finding unused cells or wires in module \sharerinvalidatescache_11..
Finding unused cells or wires in module \sharerinvalidatescache_2..
Finding unused cells or wires in module \sharerinvalidatescache_3..
Finding unused cells or wires in module \sharerinvalidatescache_4..
Finding unused cells or wires in module \sharerinvalidatescache_5..
Finding unused cells or wires in module \sharerinvalidatescache_6..
Finding unused cells or wires in module \sharerinvalidatescache_7..
Finding unused cells or wires in module \sharerinvalidatescache_8..
Finding unused cells or wires in module \sharerinvalidatescache_9..
Finding unused cells or wires in module \system..
Removed 1 unused cells and 1 unused wires.
<suppressed ~2 debug messages>

9. Executing CHECK pass (checking for obvious problems).
Checking module Init...
Checking module clientreceivedexclusivegrant...
Checking module clientreceivedexclusivegrant_1...
Checking module clientreceivedexclusivegrant_10...
Checking module clientreceivedexclusivegrant_11...
Checking module clientreceivedexclusivegrant_2...
Checking module clientreceivedexclusivegrant_3...
Checking module clientreceivedexclusivegrant_4...
Checking module clientreceivedexclusivegrant_5...
Checking module clientreceivedexclusivegrant_6...
Checking module clientreceivedexclusivegrant_7...
Checking module clientreceivedexclusivegrant_8...
Checking module clientreceivedexclusivegrant_9...
Checking module clientreceivessharedgrant...
Checking module clientreceivessharedgrant_1...
Checking module clientreceivessharedgrant_10...
Checking module clientreceivessharedgrant_11...
Checking module clientreceivessharedgrant_2...
Checking module clientreceivessharedgrant_3...
Checking module clientreceivessharedgrant_4...
Checking module clientreceivessharedgrant_5...
Checking module clientreceivessharedgrant_6...
Checking module clientreceivessharedgrant_7...
Checking module clientreceivessharedgrant_8...
Checking module clientreceivessharedgrant_9...
Checking module clientrequestsexclusiveaccess...
Checking module clientrequestsexclusiveaccess_1...
Checking module clientrequestsexclusiveaccess_10...
Checking module clientrequestsexclusiveaccess_11...
Checking module clientrequestsexclusiveaccess_2...
Checking module clientrequestsexclusiveaccess_3...
Checking module clientrequestsexclusiveaccess_4...
Checking module clientrequestsexclusiveaccess_5...
Checking module clientrequestsexclusiveaccess_6...
Checking module clientrequestsexclusiveaccess_7...
Checking module clientrequestsexclusiveaccess_8...
Checking module clientrequestsexclusiveaccess_9...
Checking module clientrequestssharedaccess...
Checking module clientrequestssharedaccess_1...
Checking module clientrequestssharedaccess_10...
Checking module clientrequestssharedaccess_11...
Checking module clientrequestssharedaccess_2...
Checking module clientrequestssharedaccess_3...
Checking module clientrequestssharedaccess_4...
Checking module clientrequestssharedaccess_5...
Checking module clientrequestssharedaccess_6...
Checking module clientrequestssharedaccess_7...
Checking module clientrequestssharedaccess_8...
Checking module clientrequestssharedaccess_9...
Checking module homepicksnewrequest...
Checking module homepicksnewrequest_1...
Checking module homepicksnewrequest_10...
Checking module homepicksnewrequest_11...
Checking module homepicksnewrequest_2...
Checking module homepicksnewrequest_3...
Checking module homepicksnewrequest_4...
Checking module homepicksnewrequest_5...
Checking module homepicksnewrequest_6...
Checking module homepicksnewrequest_7...
Checking module homepicksnewrequest_8...
Checking module homepicksnewrequest_9...
Checking module homereceivesinvalidateacknowledgement...
Checking module homereceivesinvalidateacknowledgement_1...
Checking module homereceivesinvalidateacknowledgement_10...
Checking module homereceivesinvalidateacknowledgement_11...
Checking module homereceivesinvalidateacknowledgement_2...
Checking module homereceivesinvalidateacknowledgement_3...
Checking module homereceivesinvalidateacknowledgement_4...
Checking module homereceivesinvalidateacknowledgement_5...
Checking module homereceivesinvalidateacknowledgement_6...
Checking module homereceivesinvalidateacknowledgement_7...
Checking module homereceivesinvalidateacknowledgement_8...
Checking module homereceivesinvalidateacknowledgement_9...
Checking module homesendsinvalidatemessage...
Checking module homesendsinvalidatemessage_1...
Checking module homesendsinvalidatemessage_10...
Checking module homesendsinvalidatemessage_11...
Checking module homesendsinvalidatemessage_2...
Checking module homesendsinvalidatemessage_3...
Checking module homesendsinvalidatemessage_4...
Checking module homesendsinvalidatemessage_5...
Checking module homesendsinvalidatemessage_6...
Checking module homesendsinvalidatemessage_7...
Checking module homesendsinvalidatemessage_8...
Checking module homesendsinvalidatemessage_9...
Checking module homesendsreplytoclient_exclusive...
Checking module homesendsreplytoclient_shared...
Checking module sharerinvalidatescache...
Checking module sharerinvalidatescache_1...
Checking module sharerinvalidatescache_10...
Checking module sharerinvalidatescache_11...
Checking module sharerinvalidatescache_2...
Checking module sharerinvalidatescache_3...
Checking module sharerinvalidatescache_4...
Checking module sharerinvalidatescache_5...
Checking module sharerinvalidatescache_6...
Checking module sharerinvalidatescache_7...
Checking module sharerinvalidatescache_8...
Checking module sharerinvalidatescache_9...
Checking module system...
Found and reported 0 problems.

10. Executing SETUNDEF pass (replace undef values with defined constants).

11. Executing OPT pass (performing simple optimizations).

11.1. Executing OPT_EXPR pass (perform const folding).
Optimizing module Init.
Optimizing module clientreceivedexclusivegrant.
Optimizing module clientreceivedexclusivegrant_1.
Optimizing module clientreceivedexclusivegrant_10.
Optimizing module clientreceivedexclusivegrant_11.
Optimizing module clientreceivedexclusivegrant_2.
Optimizing module clientreceivedexclusivegrant_3.
Optimizing module clientreceivedexclusivegrant_4.
Optimizing module clientreceivedexclusivegrant_5.
Optimizing module clientreceivedexclusivegrant_6.
Optimizing module clientreceivedexclusivegrant_7.
Optimizing module clientreceivedexclusivegrant_8.
Optimizing module clientreceivedexclusivegrant_9.
Optimizing module clientreceivessharedgrant.
Optimizing module clientreceivessharedgrant_1.
Optimizing module clientreceivessharedgrant_10.
Optimizing module clientreceivessharedgrant_11.
Optimizing module clientreceivessharedgrant_2.
Optimizing module clientreceivessharedgrant_3.
Optimizing module clientreceivessharedgrant_4.
Optimizing module clientreceivessharedgrant_5.
Optimizing module clientreceivessharedgrant_6.
Optimizing module clientreceivessharedgrant_7.
Optimizing module clientreceivessharedgrant_8.
Optimizing module clientreceivessharedgrant_9.
Optimizing module clientrequestsexclusiveaccess.
Optimizing module clientrequestsexclusiveaccess_1.
Optimizing module clientrequestsexclusiveaccess_10.
Optimizing module clientrequestsexclusiveaccess_11.
Optimizing module clientrequestsexclusiveaccess_2.
Optimizing module clientrequestsexclusiveaccess_3.
Optimizing module clientrequestsexclusiveaccess_4.
Optimizing module clientrequestsexclusiveaccess_5.
Optimizing module clientrequestsexclusiveaccess_6.
Optimizing module clientrequestsexclusiveaccess_7.
Optimizing module clientrequestsexclusiveaccess_8.
Optimizing module clientrequestsexclusiveaccess_9.
Optimizing module clientrequestssharedaccess.
Optimizing module clientrequestssharedaccess_1.
Optimizing module clientrequestssharedaccess_10.
Optimizing module clientrequestssharedaccess_11.
Optimizing module clientrequestssharedaccess_2.
Optimizing module clientrequestssharedaccess_3.
Optimizing module clientrequestssharedaccess_4.
Optimizing module clientrequestssharedaccess_5.
Optimizing module clientrequestssharedaccess_6.
Optimizing module clientrequestssharedaccess_7.
Optimizing module clientrequestssharedaccess_8.
Optimizing module clientrequestssharedaccess_9.
Optimizing module homepicksnewrequest.
Optimizing module homepicksnewrequest_1.
Optimizing module homepicksnewrequest_10.
Optimizing module homepicksnewrequest_11.
Optimizing module homepicksnewrequest_2.
Optimizing module homepicksnewrequest_3.
Optimizing module homepicksnewrequest_4.
Optimizing module homepicksnewrequest_5.
Optimizing module homepicksnewrequest_6.
Optimizing module homepicksnewrequest_7.
Optimizing module homepicksnewrequest_8.
Optimizing module homepicksnewrequest_9.
Optimizing module homereceivesinvalidateacknowledgement.
Optimizing module homereceivesinvalidateacknowledgement_1.
Optimizing module homereceivesinvalidateacknowledgement_10.
Optimizing module homereceivesinvalidateacknowledgement_11.
Optimizing module homereceivesinvalidateacknowledgement_2.
Optimizing module homereceivesinvalidateacknowledgement_3.
Optimizing module homereceivesinvalidateacknowledgement_4.
Optimizing module homereceivesinvalidateacknowledgement_5.
Optimizing module homereceivesinvalidateacknowledgement_6.
Optimizing module homereceivesinvalidateacknowledgement_7.
Optimizing module homereceivesinvalidateacknowledgement_8.
Optimizing module homereceivesinvalidateacknowledgement_9.
Optimizing module homesendsinvalidatemessage.
Optimizing module homesendsinvalidatemessage_1.
Optimizing module homesendsinvalidatemessage_10.
Optimizing module homesendsinvalidatemessage_11.
Optimizing module homesendsinvalidatemessage_2.
Optimizing module homesendsinvalidatemessage_3.
Optimizing module homesendsinvalidatemessage_4.
Optimizing module homesendsinvalidatemessage_5.
Optimizing module homesendsinvalidatemessage_6.
Optimizing module homesendsinvalidatemessage_7.
Optimizing module homesendsinvalidatemessage_8.
Optimizing module homesendsinvalidatemessage_9.
Optimizing module homesendsreplytoclient_exclusive.
Optimizing module homesendsreplytoclient_shared.
Optimizing module sharerinvalidatescache.
Optimizing module sharerinvalidatescache_1.
Optimizing module sharerinvalidatescache_10.
Optimizing module sharerinvalidatescache_11.
Optimizing module sharerinvalidatescache_2.
Optimizing module sharerinvalidatescache_3.
Optimizing module sharerinvalidatescache_4.
Optimizing module sharerinvalidatescache_5.
Optimizing module sharerinvalidatescache_6.
Optimizing module sharerinvalidatescache_7.
Optimizing module sharerinvalidatescache_8.
Optimizing module sharerinvalidatescache_9.
Optimizing module system.

11.2. Executing OPT_MERGE pass (detect identical cells).
Finding identical cells in module `\Init'.
Finding identical cells in module `\clientreceivedexclusivegrant'.
Finding identical cells in module `\clientreceivedexclusivegrant_1'.
Finding identical cells in module `\clientreceivedexclusivegrant_10'.
Finding identical cells in module `\clientreceivedexclusivegrant_11'.
Finding identical cells in module `\clientreceivedexclusivegrant_2'.
Finding identical cells in module `\clientreceivedexclusivegrant_3'.
Finding identical cells in module `\clientreceivedexclusivegrant_4'.
Finding identical cells in module `\clientreceivedexclusivegrant_5'.
Finding identical cells in module `\clientreceivedexclusivegrant_6'.
Finding identical cells in module `\clientreceivedexclusivegrant_7'.
Finding identical cells in module `\clientreceivedexclusivegrant_8'.
Finding identical cells in module `\clientreceivedexclusivegrant_9'.
Finding identical cells in module `\clientreceivessharedgrant'.
Finding identical cells in module `\clientreceivessharedgrant_1'.
Finding identical cells in module `\clientreceivessharedgrant_10'.
Finding identical cells in module `\clientreceivessharedgrant_11'.
Finding identical cells in module `\clientreceivessharedgrant_2'.
Finding identical cells in module `\clientreceivessharedgrant_3'.
Finding identical cells in module `\clientreceivessharedgrant_4'.
Finding identical cells in module `\clientreceivessharedgrant_5'.
Finding identical cells in module `\clientreceivessharedgrant_6'.
Finding identical cells in module `\clientreceivessharedgrant_7'.
Finding identical cells in module `\clientreceivessharedgrant_8'.
Finding identical cells in module `\clientreceivessharedgrant_9'.
Finding identical cells in module `\clientrequestsexclusiveaccess'.
Finding identical cells in module `\clientrequestsexclusiveaccess_1'.
Finding identical cells in module `\clientrequestsexclusiveaccess_10'.
Finding identical cells in module `\clientrequestsexclusiveaccess_11'.
Finding identical cells in module `\clientrequestsexclusiveaccess_2'.
Finding identical cells in module `\clientrequestsexclusiveaccess_3'.
Finding identical cells in module `\clientrequestsexclusiveaccess_4'.
Finding identical cells in module `\clientrequestsexclusiveaccess_5'.
Finding identical cells in module `\clientrequestsexclusiveaccess_6'.
Finding identical cells in module `\clientrequestsexclusiveaccess_7'.
Finding identical cells in module `\clientrequestsexclusiveaccess_8'.
Finding identical cells in module `\clientrequestsexclusiveaccess_9'.
Finding identical cells in module `\clientrequestssharedaccess'.
Finding identical cells in module `\clientrequestssharedaccess_1'.
Finding identical cells in module `\clientrequestssharedaccess_10'.
Finding identical cells in module `\clientrequestssharedaccess_11'.
Finding identical cells in module `\clientrequestssharedaccess_2'.
Finding identical cells in module `\clientrequestssharedaccess_3'.
Finding identical cells in module `\clientrequestssharedaccess_4'.
Finding identical cells in module `\clientrequestssharedaccess_5'.
Finding identical cells in module `\clientrequestssharedaccess_6'.
Finding identical cells in module `\clientrequestssharedaccess_7'.
Finding identical cells in module `\clientrequestssharedaccess_8'.
Finding identical cells in module `\clientrequestssharedaccess_9'.
Finding identical cells in module `\homepicksnewrequest'.
Finding identical cells in module `\homepicksnewrequest_1'.
Finding identical cells in module `\homepicksnewrequest_10'.
Finding identical cells in module `\homepicksnewrequest_11'.
Finding identical cells in module `\homepicksnewrequest_2'.
Finding identical cells in module `\homepicksnewrequest_3'.
Finding identical cells in module `\homepicksnewrequest_4'.
Finding identical cells in module `\homepicksnewrequest_5'.
Finding identical cells in module `\homepicksnewrequest_6'.
Finding identical cells in module `\homepicksnewrequest_7'.
Finding identical cells in module `\homepicksnewrequest_8'.
Finding identical cells in module `\homepicksnewrequest_9'.
Finding identical cells in module `\homereceivesinvalidateacknowledgement'.
Finding identical cells in module `\homereceivesinvalidateacknowledgement_1'.
Finding identical cells in module `\homereceivesinvalidateacknowledgement_10'.
Finding identical cells in module `\homereceivesinvalidateacknowledgement_11'.
Finding identical cells in module `\homereceivesinvalidateacknowledgement_2'.
Finding identical cells in module `\homereceivesinvalidateacknowledgement_3'.
Finding identical cells in module `\homereceivesinvalidateacknowledgement_4'.
Finding identical cells in module `\homereceivesinvalidateacknowledgement_5'.
Finding identical cells in module `\homereceivesinvalidateacknowledgement_6'.
Finding identical cells in module `\homereceivesinvalidateacknowledgement_7'.
Finding identical cells in module `\homereceivesinvalidateacknowledgement_8'.
Finding identical cells in module `\homereceivesinvalidateacknowledgement_9'.
Finding identical cells in module `\homesendsinvalidatemessage'.
Finding identical cells in module `\homesendsinvalidatemessage_1'.
Finding identical cells in module `\homesendsinvalidatemessage_10'.
Finding identical cells in module `\homesendsinvalidatemessage_11'.
Finding identical cells in module `\homesendsinvalidatemessage_2'.
Finding identical cells in module `\homesendsinvalidatemessage_3'.
Finding identical cells in module `\homesendsinvalidatemessage_4'.
Finding identical cells in module `\homesendsinvalidatemessage_5'.
Finding identical cells in module `\homesendsinvalidatemessage_6'.
Finding identical cells in module `\homesendsinvalidatemessage_7'.
Finding identical cells in module `\homesendsinvalidatemessage_8'.
Finding identical cells in module `\homesendsinvalidatemessage_9'.
Finding identical cells in module `\homesendsreplytoclient_exclusive'.
Finding identical cells in module `\homesendsreplytoclient_shared'.
Finding identical cells in module `\sharerinvalidatescache'.
Finding identical cells in module `\sharerinvalidatescache_1'.
Finding identical cells in module `\sharerinvalidatescache_10'.
Finding identical cells in module `\sharerinvalidatescache_11'.
Finding identical cells in module `\sharerinvalidatescache_2'.
Finding identical cells in module `\sharerinvalidatescache_3'.
Finding identical cells in module `\sharerinvalidatescache_4'.
Finding identical cells in module `\sharerinvalidatescache_5'.
Finding identical cells in module `\sharerinvalidatescache_6'.
Finding identical cells in module `\sharerinvalidatescache_7'.
Finding identical cells in module `\sharerinvalidatescache_8'.
Finding identical cells in module `\sharerinvalidatescache_9'.
Finding identical cells in module `\system'.
Removed a total of 0 cells.

11.3. Executing OPT_DFF pass (perform DFF optimizations).

11.4. Executing OPT_CLEAN pass (remove unused cells and wires).
Finding unused cells or wires in module \Init..
Finding unused cells or wires in module \clientreceivedexclusivegrant..
Finding unused cells or wires in module \clientreceivedexclusivegrant_1..
Finding unused cells or wires in module \clientreceivedexclusivegrant_10..
Finding unused cells or wires in module \clientreceivedexclusivegrant_11..
Finding unused cells or wires in module \clientreceivedexclusivegrant_2..
Finding unused cells or wires in module \clientreceivedexclusivegrant_3..
Finding unused cells or wires in module \clientreceivedexclusivegrant_4..
Finding unused cells or wires in module \clientreceivedexclusivegrant_5..
Finding unused cells or wires in module \clientreceivedexclusivegrant_6..
Finding unused cells or wires in module \clientreceivedexclusivegrant_7..
Finding unused cells or wires in module \clientreceivedexclusivegrant_8..
Finding unused cells or wires in module \clientreceivedexclusivegrant_9..
Finding unused cells or wires in module \clientreceivessharedgrant..
Finding unused cells or wires in module \clientreceivessharedgrant_1..
Finding unused cells or wires in module \clientreceivessharedgrant_10..
Finding unused cells or wires in module \clientreceivessharedgrant_11..
Finding unused cells or wires in module \clientreceivessharedgrant_2..
Finding unused cells or wires in module \clientreceivessharedgrant_3..
Finding unused cells or wires in module \clientreceivessharedgrant_4..
Finding unused cells or wires in module \clientreceivessharedgrant_5..
Finding unused cells or wires in module \clientreceivessharedgrant_6..
Finding unused cells or wires in module \clientreceivessharedgrant_7..
Finding unused cells or wires in module \clientreceivessharedgrant_8..
Finding unused cells or wires in module \clientreceivessharedgrant_9..
Finding unused cells or wires in module \clientrequestsexclusiveaccess..
Finding unused cells or wires in module \clientrequestsexclusiveaccess_1..
Finding unused cells or wires in module \clientrequestsexclusiveaccess_10..
Finding unused cells or wires in module \clientrequestsexclusiveaccess_11..
Finding unused cells or wires in module \clientrequestsexclusiveaccess_2..
Finding unused cells or wires in module \clientrequestsexclusiveaccess_3..
Finding unused cells or wires in module \clientrequestsexclusiveaccess_4..
Finding unused cells or wires in module \clientrequestsexclusiveaccess_5..
Finding unused cells or wires in module \clientrequestsexclusiveaccess_6..
Finding unused cells or wires in module \clientrequestsexclusiveaccess_7..
Finding unused cells or wires in module \clientrequestsexclusiveaccess_8..
Finding unused cells or wires in module \clientrequestsexclusiveaccess_9..
Finding unused cells or wires in module \clientrequestssharedaccess..
Finding unused cells or wires in module \clientrequestssharedaccess_1..
Finding unused cells or wires in module \clientrequestssharedaccess_10..
Finding unused cells or wires in module \clientrequestssharedaccess_11..
Finding unused cells or wires in module \clientrequestssharedaccess_2..
Finding unused cells or wires in module \clientrequestssharedaccess_3..
Finding unused cells or wires in module \clientrequestssharedaccess_4..
Finding unused cells or wires in module \clientrequestssharedaccess_5..
Finding unused cells or wires in module \clientrequestssharedaccess_6..
Finding unused cells or wires in module \clientrequestssharedaccess_7..
Finding unused cells or wires in module \clientrequestssharedaccess_8..
Finding unused cells or wires in module \clientrequestssharedaccess_9..
Finding unused cells or wires in module \homepicksnewrequest..
Finding unused cells or wires in module \homepicksnewrequest_1..
Finding unused cells or wires in module \homepicksnewrequest_10..
Finding unused cells or wires in module \homepicksnewrequest_11..
Finding unused cells or wires in module \homepicksnewrequest_2..
Finding unused cells or wires in module \homepicksnewrequest_3..
Finding unused cells or wires in module \homepicksnewrequest_4..
Finding unused cells or wires in module \homepicksnewrequest_5..
Finding unused cells or wires in module \homepicksnewrequest_6..
Finding unused cells or wires in module \homepicksnewrequest_7..
Finding unused cells or wires in module \homepicksnewrequest_8..
Finding unused cells or wires in module \homepicksnewrequest_9..
Finding unused cells or wires in module \homereceivesinvalidateacknowledgement..
Finding unused cells or wires in module \homereceivesinvalidateacknowledgement_1..
Finding unused cells or wires in module \homereceivesinvalidateacknowledgement_10..
Finding unused cells or wires in module \homereceivesinvalidateacknowledgement_11..
Finding unused cells or wires in module \homereceivesinvalidateacknowledgement_2..
Finding unused cells or wires in module \homereceivesinvalidateacknowledgement_3..
Finding unused cells or wires in module \homereceivesinvalidateacknowledgement_4..
Finding unused cells or wires in module \homereceivesinvalidateacknowledgement_5..
Finding unused cells or wires in module \homereceivesinvalidateacknowledgement_6..
Finding unused cells or wires in module \homereceivesinvalidateacknowledgement_7..
Finding unused cells or wires in module \homereceivesinvalidateacknowledgement_8..
Finding unused cells or wires in module \homereceivesinvalidateacknowledgement_9..
Finding unused cells or wires in module \homesendsinvalidatemessage..
Finding unused cells or wires in module \homesendsinvalidatemessage_1..
Finding unused cells or wires in module \homesendsinvalidatemessage_10..
Finding unused cells or wires in module \homesendsinvalidatemessage_11..
Finding unused cells or wires in module \homesendsinvalidatemessage_2..
Finding unused cells or wires in module \homesendsinvalidatemessage_3..
Finding unused cells or wires in module \homesendsinvalidatemessage_4..
Finding unused cells or wires in module \homesendsinvalidatemessage_5..
Finding unused cells or wires in module \homesendsinvalidatemessage_6..
Finding unused cells or wires in module \homesendsinvalidatemessage_7..
Finding unused cells or wires in module \homesendsinvalidatemessage_8..
Finding unused cells or wires in module \homesendsinvalidatemessage_9..
Finding unused cells or wires in module \homesendsreplytoclient_exclusive..
Finding unused cells or wires in module \homesendsreplytoclient_shared..
Finding unused cells or wires in module \sharerinvalidatescache..
Finding unused cells or wires in module \sharerinvalidatescache_1..
Finding unused cells or wires in module \sharerinvalidatescache_10..
Finding unused cells or wires in module \sharerinvalidatescache_11..
Finding unused cells or wires in module \sharerinvalidatescache_2..
Finding unused cells or wires in module \sharerinvalidatescache_3..
Finding unused cells or wires in module \sharerinvalidatescache_4..
Finding unused cells or wires in module \sharerinvalidatescache_5..
Finding unused cells or wires in module \sharerinvalidatescache_6..
Finding unused cells or wires in module \sharerinvalidatescache_7..
Finding unused cells or wires in module \sharerinvalidatescache_8..
Finding unused cells or wires in module \sharerinvalidatescache_9..
Finding unused cells or wires in module \system..

11.5. Finished fast OPT passes.

12. Executing OPT_CLEAN pass (remove unused cells and wires).
Finding unused cells or wires in module \Init..
Finding unused cells or wires in module \clientreceivedexclusivegrant..
Finding unused cells or wires in module \clientreceivedexclusivegrant_1..
Finding unused cells or wires in module \clientreceivedexclusivegrant_10..
Finding unused cells or wires in module \clientreceivedexclusivegrant_11..
Finding unused cells or wires in module \clientreceivedexclusivegrant_2..
Finding unused cells or wires in module \clientreceivedexclusivegrant_3..
Finding unused cells or wires in module \clientreceivedexclusivegrant_4..
Finding unused cells or wires in module \clientreceivedexclusivegrant_5..
Finding unused cells or wires in module \clientreceivedexclusivegrant_6..
Finding unused cells or wires in module \clientreceivedexclusivegrant_7..
Finding unused cells or wires in module \clientreceivedexclusivegrant_8..
Finding unused cells or wires in module \clientreceivedexclusivegrant_9..
Finding unused cells or wires in module \clientreceivessharedgrant..
Finding unused cells or wires in module \clientreceivessharedgrant_1..
Finding unused cells or wires in module \clientreceivessharedgrant_10..
Finding unused cells or wires in module \clientreceivessharedgrant_11..
Finding unused cells or wires in module \clientreceivessharedgrant_2..
Finding unused cells or wires in module \clientreceivessharedgrant_3..
Finding unused cells or wires in module \clientreceivessharedgrant_4..
Finding unused cells or wires in module \clientreceivessharedgrant_5..
Finding unused cells or wires in module \clientreceivessharedgrant_6..
Finding unused cells or wires in module \clientreceivessharedgrant_7..
Finding unused cells or wires in module \clientreceivessharedgrant_8..
Finding unused cells or wires in module \clientreceivessharedgrant_9..
Finding unused cells or wires in module \clientrequestsexclusiveaccess..
Finding unused cells or wires in module \clientrequestsexclusiveaccess_1..
Finding unused cells or wires in module \clientrequestsexclusiveaccess_10..
Finding unused cells or wires in module \clientrequestsexclusiveaccess_11..
Finding unused cells or wires in module \clientrequestsexclusiveaccess_2..
Finding unused cells or wires in module \clientrequestsexclusiveaccess_3..
Finding unused cells or wires in module \clientrequestsexclusiveaccess_4..
Finding unused cells or wires in module \clientrequestsexclusiveaccess_5..
Finding unused cells or wires in module \clientrequestsexclusiveaccess_6..
Finding unused cells or wires in module \clientrequestsexclusiveaccess_7..
Finding unused cells or wires in module \clientrequestsexclusiveaccess_8..
Finding unused cells or wires in module \clientrequestsexclusiveaccess_9..
Finding unused cells or wires in module \clientrequestssharedaccess..
Finding unused cells or wires in module \clientrequestssharedaccess_1..
Finding unused cells or wires in module \clientrequestssharedaccess_10..
Finding unused cells or wires in module \clientrequestssharedaccess_11..
Finding unused cells or wires in module \clientrequestssharedaccess_2..
Finding unused cells or wires in module \clientrequestssharedaccess_3..
Finding unused cells or wires in module \clientrequestssharedaccess_4..
Finding unused cells or wires in module \clientrequestssharedaccess_5..
Finding unused cells or wires in module \clientrequestssharedaccess_6..
Finding unused cells or wires in module \clientrequestssharedaccess_7..
Finding unused cells or wires in module \clientrequestssharedaccess_8..
Finding unused cells or wires in module \clientrequestssharedaccess_9..
Finding unused cells or wires in module \homepicksnewrequest..
Finding unused cells or wires in module \homepicksnewrequest_1..
Finding unused cells or wires in module \homepicksnewrequest_10..
Finding unused cells or wires in module \homepicksnewrequest_11..
Finding unused cells or wires in module \homepicksnewrequest_2..
Finding unused cells or wires in module \homepicksnewrequest_3..
Finding unused cells or wires in module \homepicksnewrequest_4..
Finding unused cells or wires in module \homepicksnewrequest_5..
Finding unused cells or wires in module \homepicksnewrequest_6..
Finding unused cells or wires in module \homepicksnewrequest_7..
Finding unused cells or wires in module \homepicksnewrequest_8..
Finding unused cells or wires in module \homepicksnewrequest_9..
Finding unused cells or wires in module \homereceivesinvalidateacknowledgement..
Finding unused cells or wires in module \homereceivesinvalidateacknowledgement_1..
Finding unused cells or wires in module \homereceivesinvalidateacknowledgement_10..
Finding unused cells or wires in module \homereceivesinvalidateacknowledgement_11..
Finding unused cells or wires in module \homereceivesinvalidateacknowledgement_2..
Finding unused cells or wires in module \homereceivesinvalidateacknowledgement_3..
Finding unused cells or wires in module \homereceivesinvalidateacknowledgement_4..
Finding unused cells or wires in module \homereceivesinvalidateacknowledgement_5..
Finding unused cells or wires in module \homereceivesinvalidateacknowledgement_6..
Finding unused cells or wires in module \homereceivesinvalidateacknowledgement_7..
Finding unused cells or wires in module \homereceivesinvalidateacknowledgement_8..
Finding unused cells or wires in module \homereceivesinvalidateacknowledgement_9..
Finding unused cells or wires in module \homesendsinvalidatemessage..
Finding unused cells or wires in module \homesendsinvalidatemessage_1..
Finding unused cells or wires in module \homesendsinvalidatemessage_10..
Finding unused cells or wires in module \homesendsinvalidatemessage_11..
Finding unused cells or wires in module \homesendsinvalidatemessage_2..
Finding unused cells or wires in module \homesendsinvalidatemessage_3..
Finding unused cells or wires in module \homesendsinvalidatemessage_4..
Finding unused cells or wires in module \homesendsinvalidatemessage_5..
Finding unused cells or wires in module \homesendsinvalidatemessage_6..
Finding unused cells or wires in module \homesendsinvalidatemessage_7..
Finding unused cells or wires in module \homesendsinvalidatemessage_8..
Finding unused cells or wires in module \homesendsinvalidatemessage_9..
Finding unused cells or wires in module \homesendsreplytoclient_exclusive..
Finding unused cells or wires in module \homesendsreplytoclient_shared..
Finding unused cells or wires in module \sharerinvalidatescache..
Finding unused cells or wires in module \sharerinvalidatescache_1..
Finding unused cells or wires in module \sharerinvalidatescache_10..
Finding unused cells or wires in module \sharerinvalidatescache_11..
Finding unused cells or wires in module \sharerinvalidatescache_2..
Finding unused cells or wires in module \sharerinvalidatescache_3..
Finding unused cells or wires in module \sharerinvalidatescache_4..
Finding unused cells or wires in module \sharerinvalidatescache_5..
Finding unused cells or wires in module \sharerinvalidatescache_6..
Finding unused cells or wires in module \sharerinvalidatescache_7..
Finding unused cells or wires in module \sharerinvalidatescache_8..
Finding unused cells or wires in module \sharerinvalidatescache_9..
Finding unused cells or wires in module \system..
Removed 0 unused cells and 277 unused wires.
<suppressed ~1 debug messages>

13. Executing RTLIL backend.
Output filename: ../model/design_prep.il

End of script. Logfile hash: 523cbbddbe, CPU: user 1.52s system 0.03s, MEM: 114.70 MB peak
Yosys 0.26+53 (git sha1 8216b23fb, clang 10.0.0-4ubuntu1 -fPIC -Os)
Time spent: 30% 4x opt_clean (0 sec), 13% 1x check (0 sec), ...
