
 /----------------------------------------------------------------------------\
 |                                                                            |
 |  yosys -- Yosys Open SYnthesis Suite                                       |
 |                                                                            |
 |  Copyright (C) 2012 - 2020  Claire Xenia Wolf <claire@yosyshq.com>         |
 |                                                                            |
 |  Permission to use, copy, modify, and/or distribute this software for any  |
 |  purpose with or without fee is hereby granted, provided that the above    |
 |  copyright notice and this permission notice appear in all copies.         |
 |                                                                            |
 |  THE SOFTWARE IS PROVIDED "AS IS" AND THE AUTHOR DISCLAIMS ALL WARRANTIES  |
 |  WITH REGARD TO THIS SOFTWARE INCLUDING ALL IMPLIED WARRANTIES OF          |
 |  MERCHANTABILITY AND FITNESS. IN NO EVENT SHALL THE AUTHOR BE LIABLE FOR   |
 |  ANY SPECIAL, DIRECT, INDIRECT, OR CONSEQUENTIAL DAMAGES OR ANY DAMAGES    |
 |  WHATSOEVER RESULTING FROM LOSS OF USE, DATA OR PROFITS, WHETHER IN AN     |
 |  ACTION OF CONTRACT, NEGLIGENCE OR OTHER TORTIOUS ACTION, ARISING OUT OF   |
 |  OR IN CONNECTION WITH THE USE OR PERFORMANCE OF THIS SOFTWARE.            |
 |                                                                            |
 \----------------------------------------------------------------------------/

 Yosys 0.26+53 (git sha1 8216b23fb, clang 10.0.0-4ubuntu1 -fPIC -Os)


-- Executing script file `design_prep.ys' --

1. Executing RTLIL frontend.
Input filename: design.il

2. Executing SCC pass (detecting logic loops).
Found 0 SCCs in module system.
Found 0 SCCs in module send_Release_TtoN_1_3.
Found 0 SCCs in module send_Release_TtoN_1_2.
Found 0 SCCs in module send_Release_TtoN_1_1.
Found 0 SCCs in module send_Release_TtoN_1.
Found 0 SCCs in module send_Release_BtoN_3.
Found 0 SCCs in module send_Release_BtoN_2.
Found 0 SCCs in module send_Release_BtoN_1.
Found 0 SCCs in module send_Release_BtoN.
Found 0 SCCs in module send_AcquirePerm_toT_3.
Found 0 SCCs in module send_AcquirePerm_toT_2.
Found 0 SCCs in module send_AcquirePerm_toT_1.
Found 0 SCCs in module send_AcquirePerm_toT.
Found 0 SCCs in module send_AcquireBlock_toT_3.
Found 0 SCCs in module send_AcquireBlock_toT_2.
Found 0 SCCs in module send_AcquireBlock_toT_1.
Found 0 SCCs in module send_AcquireBlock_toT.
Found 0 SCCs in module send_AcquireBlock_toB_3.
Found 0 SCCs in module send_AcquireBlock_toB_2.
Found 0 SCCs in module send_AcquireBlock_toB_1.
Found 0 SCCs in module send_AcquireBlock_toB.
Found 0 SCCs in module respond_Probe_NtoN_3.
Found 0 SCCs in module respond_Probe_NtoN_2.
Found 0 SCCs in module respond_Probe_NtoN_1.
Found 0 SCCs in module respond_Probe_NtoN.
Found 0 SCCs in module respond_ProbePerm_BtoN_3.
Found 0 SCCs in module respond_ProbePerm_BtoN_2.
Found 0 SCCs in module respond_ProbePerm_BtoN_1.
Found 0 SCCs in module respond_ProbePerm_BtoN.
Found 0 SCCs in module respond_ProbeBlock_toB_2_3.
Found 0 SCCs in module respond_ProbeBlock_toB_2_2.
Found 0 SCCs in module respond_ProbeBlock_toB_2_1.
Found 0 SCCs in module respond_ProbeBlock_toB_2.
Found 0 SCCs in module respond_ProbeBlock_toB_1_3.
Found 0 SCCs in module respond_ProbeBlock_toB_1_2.
Found 0 SCCs in module respond_ProbeBlock_toB_1_1.
Found 0 SCCs in module respond_ProbeBlock_toB_1.
Found 0 SCCs in module respond_ProbeBlock_TtoN_2_3.
Found 0 SCCs in module respond_ProbeBlock_TtoN_2_2.
Found 0 SCCs in module respond_ProbeBlock_TtoN_2_1.
Found 0 SCCs in module respond_ProbeBlock_TtoN_2.
Found 0 SCCs in module respond_ProbeBlock_TtoN_1_3.
Found 0 SCCs in module respond_ProbeBlock_TtoN_1_2.
Found 0 SCCs in module respond_ProbeBlock_TtoN_1_1.
Found 0 SCCs in module respond_ProbeBlock_TtoN_1.
Found 0 SCCs in module respond_Grant_toT_3.
Found 0 SCCs in module respond_Grant_toT_2.
Found 0 SCCs in module respond_Grant_toT_1.
Found 0 SCCs in module respond_Grant_toT.
Found 0 SCCs in module respond_GrantData_toT_3.
Found 0 SCCs in module respond_GrantData_toT_2.
Found 0 SCCs in module respond_GrantData_toT_1.
Found 0 SCCs in module respond_GrantData_toT.
Found 0 SCCs in module respond_GrantData_toB_3.
Found 0 SCCs in module respond_GrantData_toB_2.
Found 0 SCCs in module respond_GrantData_toB_1.
Found 0 SCCs in module respond_GrantData_toB.
Found 0 SCCs in module receive_ReleaseAck_3.
Found 0 SCCs in module receive_ReleaseAck_2.
Found 0 SCCs in module receive_ReleaseAck_1.
Found 0 SCCs in module receive_ReleaseAck.
Found 0 SCCs in module Ln_send_Release_5_1.
Found 0 SCCs in module Ln_send_Release_5.
Found 0 SCCs in module Ln_send_Release_4_1.
Found 0 SCCs in module Ln_send_Release_4.
Found 0 SCCs in module Ln_receive_Release_2_2.
Found 0 SCCs in module Ln_receive_Release_2.
Found 0 SCCs in module Ln_receive_Release_1_2.
Found 0 SCCs in module Ln_receive_Release_1.
Found 0 SCCs in module Ln_receive_ProbeAck_3_2.
Found 0 SCCs in module Ln_receive_ProbeAck_3.
Found 0 SCCs in module Ln_receive_ProbeAck_2_2.
Found 0 SCCs in module Ln_receive_ProbeAck_2.
Found 0 SCCs in module Ln_receive_ProbeAck_1_2.
Found 0 SCCs in module Ln_receive_ProbeAck_1.
Found 0 SCCs in module Ln_receive_ProbeAckData_2_2.
Found 0 SCCs in module Ln_receive_ProbeAckData_2.
Found 0 SCCs in module Ln_receive_ProbeAckData_1_2.
Found 0 SCCs in module Ln_receive_ProbeAckData_1.
Found 0 SCCs in module Ln_receive_GrantAck_2.
Found 0 SCCs in module Ln_receive_GrantAck.
Found 0 SCCs in module Ln_receive_AcquirePerm_6_3.
Found 0 SCCs in module Ln_receive_AcquirePerm_6_2.
Found 0 SCCs in module Ln_receive_AcquirePerm_6_1.
Found 0 SCCs in module Ln_receive_AcquirePerm_6.
Found 0 SCCs in module Ln_receive_AcquirePerm_3_3.
Found 0 SCCs in module Ln_receive_AcquirePerm_3_2.
Found 0 SCCs in module Ln_receive_AcquirePerm_3_1.
Found 0 SCCs in module Ln_receive_AcquirePerm_3.
Found 0 SCCs in module Ln_receive_AcquirePerm_2_3.
Found 0 SCCs in module Ln_receive_AcquirePerm_2_2.
Found 0 SCCs in module Ln_receive_AcquirePerm_2_1.
Found 0 SCCs in module Ln_receive_AcquirePerm_2.
Found 0 SCCs in module Ln_receive_AcquirePerm_1_3.
Found 0 SCCs in module Ln_receive_AcquirePerm_1_2.
Found 0 SCCs in module Ln_receive_AcquirePerm_1_1.
Found 0 SCCs in module Ln_receive_AcquirePerm_1.
Found 0 SCCs in module Ln_receive_AcquireBlock_8_3.
Found 0 SCCs in module Ln_receive_AcquireBlock_8_2.
Found 0 SCCs in module Ln_receive_AcquireBlock_8_1.
Found 0 SCCs in module Ln_receive_AcquireBlock_8.
Found 0 SCCs in module Ln_receive_AcquireBlock_7_3.
Found 0 SCCs in module Ln_receive_AcquireBlock_7_2.
Found 0 SCCs in module Ln_receive_AcquireBlock_7_1.
Found 0 SCCs in module Ln_receive_AcquireBlock_7.
Found 0 SCCs in module Ln_receive_AcquireBlock_6_3.
Found 0 SCCs in module Ln_receive_AcquireBlock_6_2.
Found 0 SCCs in module Ln_receive_AcquireBlock_6_1.
Found 0 SCCs in module Ln_receive_AcquireBlock_6.
Found 0 SCCs in module Ln_receive_AcquireBlock_3_3.
Found 0 SCCs in module Ln_receive_AcquireBlock_3_2.
Found 0 SCCs in module Ln_receive_AcquireBlock_3_1.
Found 0 SCCs in module Ln_receive_AcquireBlock_3.
Found 0 SCCs in module Ln_receive_AcquireBlock_2_3.
Found 0 SCCs in module Ln_receive_AcquireBlock_2_2.
Found 0 SCCs in module Ln_receive_AcquireBlock_2_1.
Found 0 SCCs in module Ln_receive_AcquireBlock_2.
Found 0 SCCs in module L3_send_release_2.
Found 0 SCCs in module L3_receive_AcquirePerm_1.
Found 0 SCCs in module L3_receive_AcquirePerm.
Found 0 SCCs in module L3_receive_AcquireBlock_1.
Found 0 SCCs in module L3_receive_AcquireBlock.
Found 0 SCCs in module Init.
Found 0 SCCs.

3. Executing SIMPLEMAP pass (map simple cells to gate primitives).

4. Executing MEMORY_NORDFF pass (extracting $dff cells from memories).

5. Executing ASYNC2SYNC pass.

6. Executing OPT_CLEAN pass (remove unused cells and wires).
Finding unused cells or wires in module \system..
Finding unused cells or wires in module \send_Release_TtoN_1_3..
Finding unused cells or wires in module \send_Release_TtoN_1_2..
Finding unused cells or wires in module \send_Release_TtoN_1_1..
Finding unused cells or wires in module \send_Release_TtoN_1..
Finding unused cells or wires in module \send_Release_BtoN_3..
Finding unused cells or wires in module \send_Release_BtoN_2..
Finding unused cells or wires in module \send_Release_BtoN_1..
Finding unused cells or wires in module \send_Release_BtoN..
Finding unused cells or wires in module \send_AcquirePerm_toT_3..
Finding unused cells or wires in module \send_AcquirePerm_toT_2..
Finding unused cells or wires in module \send_AcquirePerm_toT_1..
Finding unused cells or wires in module \send_AcquirePerm_toT..
Finding unused cells or wires in module \send_AcquireBlock_toT_3..
Finding unused cells or wires in module \send_AcquireBlock_toT_2..
Finding unused cells or wires in module \send_AcquireBlock_toT_1..
Finding unused cells or wires in module \send_AcquireBlock_toT..
Finding unused cells or wires in module \send_AcquireBlock_toB_3..
Finding unused cells or wires in module \send_AcquireBlock_toB_2..
Finding unused cells or wires in module \send_AcquireBlock_toB_1..
Finding unused cells or wires in module \send_AcquireBlock_toB..
Finding unused cells or wires in module \respond_Probe_NtoN_3..
Finding unused cells or wires in module \respond_Probe_NtoN_2..
Finding unused cells or wires in module \respond_Probe_NtoN_1..
Finding unused cells or wires in module \respond_Probe_NtoN..
Finding unused cells or wires in module \respond_ProbePerm_BtoN_3..
Finding unused cells or wires in module \respond_ProbePerm_BtoN_2..
Finding unused cells or wires in module \respond_ProbePerm_BtoN_1..
Finding unused cells or wires in module \respond_ProbePerm_BtoN..
Finding unused cells or wires in module \respond_ProbeBlock_toB_2_3..
Finding unused cells or wires in module \respond_ProbeBlock_toB_2_2..
Finding unused cells or wires in module \respond_ProbeBlock_toB_2_1..
Finding unused cells or wires in module \respond_ProbeBlock_toB_2..
Finding unused cells or wires in module \respond_ProbeBlock_toB_1_3..
Finding unused cells or wires in module \respond_ProbeBlock_toB_1_2..
Finding unused cells or wires in module \respond_ProbeBlock_toB_1_1..
Finding unused cells or wires in module \respond_ProbeBlock_toB_1..
Finding unused cells or wires in module \respond_ProbeBlock_TtoN_2_3..
Finding unused cells or wires in module \respond_ProbeBlock_TtoN_2_2..
Finding unused cells or wires in module \respond_ProbeBlock_TtoN_2_1..
Finding unused cells or wires in module \respond_ProbeBlock_TtoN_2..
Finding unused cells or wires in module \respond_ProbeBlock_TtoN_1_3..
Finding unused cells or wires in module \respond_ProbeBlock_TtoN_1_2..
Finding unused cells or wires in module \respond_ProbeBlock_TtoN_1_1..
Finding unused cells or wires in module \respond_ProbeBlock_TtoN_1..
Finding unused cells or wires in module \respond_Grant_toT_3..
Finding unused cells or wires in module \respond_Grant_toT_2..
Finding unused cells or wires in module \respond_Grant_toT_1..
Finding unused cells or wires in module \respond_Grant_toT..
Finding unused cells or wires in module \respond_GrantData_toT_3..
Finding unused cells or wires in module \respond_GrantData_toT_2..
Finding unused cells or wires in module \respond_GrantData_toT_1..
Finding unused cells or wires in module \respond_GrantData_toT..
Finding unused cells or wires in module \respond_GrantData_toB_3..
Finding unused cells or wires in module \respond_GrantData_toB_2..
Finding unused cells or wires in module \respond_GrantData_toB_1..
Finding unused cells or wires in module \respond_GrantData_toB..
Finding unused cells or wires in module \receive_ReleaseAck_3..
Finding unused cells or wires in module \receive_ReleaseAck_2..
Finding unused cells or wires in module \receive_ReleaseAck_1..
Finding unused cells or wires in module \receive_ReleaseAck..
Finding unused cells or wires in module \Ln_send_Release_5_1..
Finding unused cells or wires in module \Ln_send_Release_5..
Finding unused cells or wires in module \Ln_send_Release_4_1..
Finding unused cells or wires in module \Ln_send_Release_4..
Finding unused cells or wires in module \Ln_receive_Release_2_2..
Finding unused cells or wires in module \Ln_receive_Release_2..
Finding unused cells or wires in module \Ln_receive_Release_1_2..
Finding unused cells or wires in module \Ln_receive_Release_1..
Finding unused cells or wires in module \Ln_receive_ProbeAck_3_2..
Finding unused cells or wires in module \Ln_receive_ProbeAck_3..
Finding unused cells or wires in module \Ln_receive_ProbeAck_2_2..
Finding unused cells or wires in module \Ln_receive_ProbeAck_2..
Finding unused cells or wires in module \Ln_receive_ProbeAck_1_2..
Finding unused cells or wires in module \Ln_receive_ProbeAck_1..
Finding unused cells or wires in module \Ln_receive_ProbeAckData_2_2..
Finding unused cells or wires in module \Ln_receive_ProbeAckData_2..
Finding unused cells or wires in module \Ln_receive_ProbeAckData_1_2..
Finding unused cells or wires in module \Ln_receive_ProbeAckData_1..
Finding unused cells or wires in module \Ln_receive_GrantAck_2..
Finding unused cells or wires in module \Ln_receive_GrantAck..
Finding unused cells or wires in module \Ln_receive_AcquirePerm_6_3..
Finding unused cells or wires in module \Ln_receive_AcquirePerm_6_2..
Finding unused cells or wires in module \Ln_receive_AcquirePerm_6_1..
Finding unused cells or wires in module \Ln_receive_AcquirePerm_6..
Finding unused cells or wires in module \Ln_receive_AcquirePerm_3_3..
Finding unused cells or wires in module \Ln_receive_AcquirePerm_3_2..
Finding unused cells or wires in module \Ln_receive_AcquirePerm_3_1..
Finding unused cells or wires in module \Ln_receive_AcquirePerm_3..
Finding unused cells or wires in module \Ln_receive_AcquirePerm_2_3..
Finding unused cells or wires in module \Ln_receive_AcquirePerm_2_2..
Finding unused cells or wires in module \Ln_receive_AcquirePerm_2_1..
Finding unused cells or wires in module \Ln_receive_AcquirePerm_2..
Finding unused cells or wires in module \Ln_receive_AcquirePerm_1_3..
Finding unused cells or wires in module \Ln_receive_AcquirePerm_1_2..
Finding unused cells or wires in module \Ln_receive_AcquirePerm_1_1..
Finding unused cells or wires in module \Ln_receive_AcquirePerm_1..
Finding unused cells or wires in module \Ln_receive_AcquireBlock_8_3..
Finding unused cells or wires in module \Ln_receive_AcquireBlock_8_2..
Finding unused cells or wires in module \Ln_receive_AcquireBlock_8_1..
Finding unused cells or wires in module \Ln_receive_AcquireBlock_8..
Finding unused cells or wires in module \Ln_receive_AcquireBlock_7_3..
Finding unused cells or wires in module \Ln_receive_AcquireBlock_7_2..
Finding unused cells or wires in module \Ln_receive_AcquireBlock_7_1..
Finding unused cells or wires in module \Ln_receive_AcquireBlock_7..
Finding unused cells or wires in module \Ln_receive_AcquireBlock_6_3..
Finding unused cells or wires in module \Ln_receive_AcquireBlock_6_2..
Finding unused cells or wires in module \Ln_receive_AcquireBlock_6_1..
Finding unused cells or wires in module \Ln_receive_AcquireBlock_6..
Finding unused cells or wires in module \Ln_receive_AcquireBlock_3_3..
Finding unused cells or wires in module \Ln_receive_AcquireBlock_3_2..
Finding unused cells or wires in module \Ln_receive_AcquireBlock_3_1..
Finding unused cells or wires in module \Ln_receive_AcquireBlock_3..
Finding unused cells or wires in module \Ln_receive_AcquireBlock_2_3..
Finding unused cells or wires in module \Ln_receive_AcquireBlock_2_2..
Finding unused cells or wires in module \Ln_receive_AcquireBlock_2_1..
Finding unused cells or wires in module \Ln_receive_AcquireBlock_2..
Finding unused cells or wires in module \L3_send_release_2..
Finding unused cells or wires in module \L3_receive_AcquirePerm_1..
Finding unused cells or wires in module \L3_receive_AcquirePerm..
Finding unused cells or wires in module \L3_receive_AcquireBlock_1..
Finding unused cells or wires in module \L3_receive_AcquireBlock..
Finding unused cells or wires in module \Init..

7. Executing FORMALFF pass.

8. Executing OPT_CLEAN pass (remove unused cells and wires).
Finding unused cells or wires in module \Init..
Finding unused cells or wires in module \L3_receive_AcquireBlock..
Finding unused cells or wires in module \L3_receive_AcquireBlock_1..
Finding unused cells or wires in module \L3_receive_AcquirePerm..
Finding unused cells or wires in module \L3_receive_AcquirePerm_1..
Finding unused cells or wires in module \L3_send_release_2..
Finding unused cells or wires in module \Ln_receive_AcquireBlock_2..
Finding unused cells or wires in module \Ln_receive_AcquireBlock_2_1..
Finding unused cells or wires in module \Ln_receive_AcquireBlock_2_2..
Finding unused cells or wires in module \Ln_receive_AcquireBlock_2_3..
Finding unused cells or wires in module \Ln_receive_AcquireBlock_3..
Finding unused cells or wires in module \Ln_receive_AcquireBlock_3_1..
Finding unused cells or wires in module \Ln_receive_AcquireBlock_3_2..
Finding unused cells or wires in module \Ln_receive_AcquireBlock_3_3..
Finding unused cells or wires in module \Ln_receive_AcquireBlock_6..
Finding unused cells or wires in module \Ln_receive_AcquireBlock_6_1..
Finding unused cells or wires in module \Ln_receive_AcquireBlock_6_2..
Finding unused cells or wires in module \Ln_receive_AcquireBlock_6_3..
Finding unused cells or wires in module \Ln_receive_AcquireBlock_7..
Finding unused cells or wires in module \Ln_receive_AcquireBlock_7_1..
Finding unused cells or wires in module \Ln_receive_AcquireBlock_7_2..
Finding unused cells or wires in module \Ln_receive_AcquireBlock_7_3..
Finding unused cells or wires in module \Ln_receive_AcquireBlock_8..
Finding unused cells or wires in module \Ln_receive_AcquireBlock_8_1..
Finding unused cells or wires in module \Ln_receive_AcquireBlock_8_2..
Finding unused cells or wires in module \Ln_receive_AcquireBlock_8_3..
Finding unused cells or wires in module \Ln_receive_AcquirePerm_1..
Finding unused cells or wires in module \Ln_receive_AcquirePerm_1_1..
Finding unused cells or wires in module \Ln_receive_AcquirePerm_1_2..
Finding unused cells or wires in module \Ln_receive_AcquirePerm_1_3..
Finding unused cells or wires in module \Ln_receive_AcquirePerm_2..
Finding unused cells or wires in module \Ln_receive_AcquirePerm_2_1..
Finding unused cells or wires in module \Ln_receive_AcquirePerm_2_2..
Finding unused cells or wires in module \Ln_receive_AcquirePerm_2_3..
Finding unused cells or wires in module \Ln_receive_AcquirePerm_3..
Finding unused cells or wires in module \Ln_receive_AcquirePerm_3_1..
Finding unused cells or wires in module \Ln_receive_AcquirePerm_3_2..
Finding unused cells or wires in module \Ln_receive_AcquirePerm_3_3..
Finding unused cells or wires in module \Ln_receive_AcquirePerm_6..
Finding unused cells or wires in module \Ln_receive_AcquirePerm_6_1..
Finding unused cells or wires in module \Ln_receive_AcquirePerm_6_2..
Finding unused cells or wires in module \Ln_receive_AcquirePerm_6_3..
Finding unused cells or wires in module \Ln_receive_GrantAck..
Finding unused cells or wires in module \Ln_receive_GrantAck_2..
Finding unused cells or wires in module \Ln_receive_ProbeAckData_1..
Finding unused cells or wires in module \Ln_receive_ProbeAckData_1_2..
Finding unused cells or wires in module \Ln_receive_ProbeAckData_2..
Finding unused cells or wires in module \Ln_receive_ProbeAckData_2_2..
Finding unused cells or wires in module \Ln_receive_ProbeAck_1..
Finding unused cells or wires in module \Ln_receive_ProbeAck_1_2..
Finding unused cells or wires in module \Ln_receive_ProbeAck_2..
Finding unused cells or wires in module \Ln_receive_ProbeAck_2_2..
Finding unused cells or wires in module \Ln_receive_ProbeAck_3..
Finding unused cells or wires in module \Ln_receive_ProbeAck_3_2..
Finding unused cells or wires in module \Ln_receive_Release_1..
Finding unused cells or wires in module \Ln_receive_Release_1_2..
Finding unused cells or wires in module \Ln_receive_Release_2..
Finding unused cells or wires in module \Ln_receive_Release_2_2..
Finding unused cells or wires in module \Ln_send_Release_4..
Finding unused cells or wires in module \Ln_send_Release_4_1..
Finding unused cells or wires in module \Ln_send_Release_5..
Finding unused cells or wires in module \Ln_send_Release_5_1..
Finding unused cells or wires in module \receive_ReleaseAck..
Finding unused cells or wires in module \receive_ReleaseAck_1..
Finding unused cells or wires in module \receive_ReleaseAck_2..
Finding unused cells or wires in module \receive_ReleaseAck_3..
Finding unused cells or wires in module \respond_GrantData_toB..
Finding unused cells or wires in module \respond_GrantData_toB_1..
Finding unused cells or wires in module \respond_GrantData_toB_2..
Finding unused cells or wires in module \respond_GrantData_toB_3..
Finding unused cells or wires in module \respond_GrantData_toT..
Finding unused cells or wires in module \respond_GrantData_toT_1..
Finding unused cells or wires in module \respond_GrantData_toT_2..
Finding unused cells or wires in module \respond_GrantData_toT_3..
Finding unused cells or wires in module \respond_Grant_toT..
Finding unused cells or wires in module \respond_Grant_toT_1..
Finding unused cells or wires in module \respond_Grant_toT_2..
Finding unused cells or wires in module \respond_Grant_toT_3..
Finding unused cells or wires in module \respond_ProbeBlock_TtoN_1..
Finding unused cells or wires in module \respond_ProbeBlock_TtoN_1_1..
Finding unused cells or wires in module \respond_ProbeBlock_TtoN_1_2..
Finding unused cells or wires in module \respond_ProbeBlock_TtoN_1_3..
Finding unused cells or wires in module \respond_ProbeBlock_TtoN_2..
Finding unused cells or wires in module \respond_ProbeBlock_TtoN_2_1..
Finding unused cells or wires in module \respond_ProbeBlock_TtoN_2_2..
Finding unused cells or wires in module \respond_ProbeBlock_TtoN_2_3..
Finding unused cells or wires in module \respond_ProbeBlock_toB_1..
Finding unused cells or wires in module \respond_ProbeBlock_toB_1_1..
Finding unused cells or wires in module \respond_ProbeBlock_toB_1_2..
Finding unused cells or wires in module \respond_ProbeBlock_toB_1_3..
Finding unused cells or wires in module \respond_ProbeBlock_toB_2..
Finding unused cells or wires in module \respond_ProbeBlock_toB_2_1..
Finding unused cells or wires in module \respond_ProbeBlock_toB_2_2..
Finding unused cells or wires in module \respond_ProbeBlock_toB_2_3..
Finding unused cells or wires in module \respond_ProbePerm_BtoN..
Finding unused cells or wires in module \respond_ProbePerm_BtoN_1..
Finding unused cells or wires in module \respond_ProbePerm_BtoN_2..
Finding unused cells or wires in module \respond_ProbePerm_BtoN_3..
Finding unused cells or wires in module \respond_Probe_NtoN..
Finding unused cells or wires in module \respond_Probe_NtoN_1..
Finding unused cells or wires in module \respond_Probe_NtoN_2..
Finding unused cells or wires in module \respond_Probe_NtoN_3..
Finding unused cells or wires in module \send_AcquireBlock_toB..
Finding unused cells or wires in module \send_AcquireBlock_toB_1..
Finding unused cells or wires in module \send_AcquireBlock_toB_2..
Finding unused cells or wires in module \send_AcquireBlock_toB_3..
Finding unused cells or wires in module \send_AcquireBlock_toT..
Finding unused cells or wires in module \send_AcquireBlock_toT_1..
Finding unused cells or wires in module \send_AcquireBlock_toT_2..
Finding unused cells or wires in module \send_AcquireBlock_toT_3..
Finding unused cells or wires in module \send_AcquirePerm_toT..
Finding unused cells or wires in module \send_AcquirePerm_toT_1..
Finding unused cells or wires in module \send_AcquirePerm_toT_2..
Finding unused cells or wires in module \send_AcquirePerm_toT_3..
Finding unused cells or wires in module \send_Release_BtoN..
Finding unused cells or wires in module \send_Release_BtoN_1..
Finding unused cells or wires in module \send_Release_BtoN_2..
Finding unused cells or wires in module \send_Release_BtoN_3..
Finding unused cells or wires in module \send_Release_TtoN_1..
Finding unused cells or wires in module \send_Release_TtoN_1_1..
Finding unused cells or wires in module \send_Release_TtoN_1_2..
Finding unused cells or wires in module \send_Release_TtoN_1_3..
Finding unused cells or wires in module \system..
Removed 1 unused cells and 1 unused wires.
<suppressed ~2 debug messages>

9. Executing CHECK pass (checking for obvious problems).
Checking module Init...
Checking module L3_receive_AcquireBlock...
Checking module L3_receive_AcquireBlock_1...
Checking module L3_receive_AcquirePerm...
Checking module L3_receive_AcquirePerm_1...
Checking module L3_send_release_2...
Checking module Ln_receive_AcquireBlock_2...
Checking module Ln_receive_AcquireBlock_2_1...
Checking module Ln_receive_AcquireBlock_2_2...
Checking module Ln_receive_AcquireBlock_2_3...
Checking module Ln_receive_AcquireBlock_3...
Checking module Ln_receive_AcquireBlock_3_1...
Checking module Ln_receive_AcquireBlock_3_2...
Checking module Ln_receive_AcquireBlock_3_3...
Checking module Ln_receive_AcquireBlock_6...
Checking module Ln_receive_AcquireBlock_6_1...
Checking module Ln_receive_AcquireBlock_6_2...
Checking module Ln_receive_AcquireBlock_6_3...
Checking module Ln_receive_AcquireBlock_7...
Checking module Ln_receive_AcquireBlock_7_1...
Checking module Ln_receive_AcquireBlock_7_2...
Checking module Ln_receive_AcquireBlock_7_3...
Checking module Ln_receive_AcquireBlock_8...
Checking module Ln_receive_AcquireBlock_8_1...
Checking module Ln_receive_AcquireBlock_8_2...
Checking module Ln_receive_AcquireBlock_8_3...
Checking module Ln_receive_AcquirePerm_1...
Checking module Ln_receive_AcquirePerm_1_1...
Checking module Ln_receive_AcquirePerm_1_2...
Checking module Ln_receive_AcquirePerm_1_3...
Checking module Ln_receive_AcquirePerm_2...
Checking module Ln_receive_AcquirePerm_2_1...
Checking module Ln_receive_AcquirePerm_2_2...
Checking module Ln_receive_AcquirePerm_2_3...
Checking module Ln_receive_AcquirePerm_3...
Checking module Ln_receive_AcquirePerm_3_1...
Checking module Ln_receive_AcquirePerm_3_2...
Checking module Ln_receive_AcquirePerm_3_3...
Checking module Ln_receive_AcquirePerm_6...
Checking module Ln_receive_AcquirePerm_6_1...
Checking module Ln_receive_AcquirePerm_6_2...
Checking module Ln_receive_AcquirePerm_6_3...
Checking module Ln_receive_GrantAck...
Checking module Ln_receive_GrantAck_2...
Checking module Ln_receive_ProbeAckData_1...
Checking module Ln_receive_ProbeAckData_1_2...
Checking module Ln_receive_ProbeAckData_2...
Checking module Ln_receive_ProbeAckData_2_2...
Checking module Ln_receive_ProbeAck_1...
Checking module Ln_receive_ProbeAck_1_2...
Checking module Ln_receive_ProbeAck_2...
Checking module Ln_receive_ProbeAck_2_2...
Checking module Ln_receive_ProbeAck_3...
Checking module Ln_receive_ProbeAck_3_2...
Checking module Ln_receive_Release_1...
Checking module Ln_receive_Release_1_2...
Checking module Ln_receive_Release_2...
Checking module Ln_receive_Release_2_2...
Checking module Ln_send_Release_4...
Checking module Ln_send_Release_4_1...
Checking module Ln_send_Release_5...
Checking module Ln_send_Release_5_1...
Checking module receive_ReleaseAck...
Checking module receive_ReleaseAck_1...
Checking module receive_ReleaseAck_2...
Checking module receive_ReleaseAck_3...
Checking module respond_GrantData_toB...
Checking module respond_GrantData_toB_1...
Checking module respond_GrantData_toB_2...
Checking module respond_GrantData_toB_3...
Checking module respond_GrantData_toT...
Checking module respond_GrantData_toT_1...
Checking module respond_GrantData_toT_2...
Checking module respond_GrantData_toT_3...
Checking module respond_Grant_toT...
Checking module respond_Grant_toT_1...
Checking module respond_Grant_toT_2...
Checking module respond_Grant_toT_3...
Checking module respond_ProbeBlock_TtoN_1...
Checking module respond_ProbeBlock_TtoN_1_1...
Checking module respond_ProbeBlock_TtoN_1_2...
Checking module respond_ProbeBlock_TtoN_1_3...
Checking module respond_ProbeBlock_TtoN_2...
Checking module respond_ProbeBlock_TtoN_2_1...
Checking module respond_ProbeBlock_TtoN_2_2...
Checking module respond_ProbeBlock_TtoN_2_3...
Checking module respond_ProbeBlock_toB_1...
Checking module respond_ProbeBlock_toB_1_1...
Checking module respond_ProbeBlock_toB_1_2...
Checking module respond_ProbeBlock_toB_1_3...
Checking module respond_ProbeBlock_toB_2...
Checking module respond_ProbeBlock_toB_2_1...
Checking module respond_ProbeBlock_toB_2_2...
Checking module respond_ProbeBlock_toB_2_3...
Checking module respond_ProbePerm_BtoN...
Checking module respond_ProbePerm_BtoN_1...
Checking module respond_ProbePerm_BtoN_2...
Checking module respond_ProbePerm_BtoN_3...
Checking module respond_Probe_NtoN...
Checking module respond_Probe_NtoN_1...
Checking module respond_Probe_NtoN_2...
Checking module respond_Probe_NtoN_3...
Checking module send_AcquireBlock_toB...
Checking module send_AcquireBlock_toB_1...
Checking module send_AcquireBlock_toB_2...
Checking module send_AcquireBlock_toB_3...
Checking module send_AcquireBlock_toT...
Checking module send_AcquireBlock_toT_1...
Checking module send_AcquireBlock_toT_2...
Checking module send_AcquireBlock_toT_3...
Checking module send_AcquirePerm_toT...
Checking module send_AcquirePerm_toT_1...
Checking module send_AcquirePerm_toT_2...
Checking module send_AcquirePerm_toT_3...
Checking module send_Release_BtoN...
Checking module send_Release_BtoN_1...
Checking module send_Release_BtoN_2...
Checking module send_Release_BtoN_3...
Checking module send_Release_TtoN_1...
Checking module send_Release_TtoN_1_1...
Checking module send_Release_TtoN_1_2...
Checking module send_Release_TtoN_1_3...
Checking module system...
Found and reported 0 problems.

10. Executing SETUNDEF pass (replace undef values with defined constants).

11. Executing OPT pass (performing simple optimizations).

11.1. Executing OPT_EXPR pass (perform const folding).
Optimizing module Init.
Optimizing module L3_receive_AcquireBlock.
Optimizing module L3_receive_AcquireBlock_1.
Optimizing module L3_receive_AcquirePerm.
Optimizing module L3_receive_AcquirePerm_1.
Optimizing module L3_send_release_2.
Optimizing module Ln_receive_AcquireBlock_2.
Optimizing module Ln_receive_AcquireBlock_2_1.
Optimizing module Ln_receive_AcquireBlock_2_2.
Optimizing module Ln_receive_AcquireBlock_2_3.
Optimizing module Ln_receive_AcquireBlock_3.
Optimizing module Ln_receive_AcquireBlock_3_1.
Optimizing module Ln_receive_AcquireBlock_3_2.
Optimizing module Ln_receive_AcquireBlock_3_3.
Optimizing module Ln_receive_AcquireBlock_6.
Optimizing module Ln_receive_AcquireBlock_6_1.
Optimizing module Ln_receive_AcquireBlock_6_2.
Optimizing module Ln_receive_AcquireBlock_6_3.
Optimizing module Ln_receive_AcquireBlock_7.
Optimizing module Ln_receive_AcquireBlock_7_1.
Optimizing module Ln_receive_AcquireBlock_7_2.
Optimizing module Ln_receive_AcquireBlock_7_3.
Optimizing module Ln_receive_AcquireBlock_8.
Optimizing module Ln_receive_AcquireBlock_8_1.
Optimizing module Ln_receive_AcquireBlock_8_2.
Optimizing module Ln_receive_AcquireBlock_8_3.
Optimizing module Ln_receive_AcquirePerm_1.
Optimizing module Ln_receive_AcquirePerm_1_1.
Optimizing module Ln_receive_AcquirePerm_1_2.
Optimizing module Ln_receive_AcquirePerm_1_3.
Optimizing module Ln_receive_AcquirePerm_2.
Optimizing module Ln_receive_AcquirePerm_2_1.
Optimizing module Ln_receive_AcquirePerm_2_2.
Optimizing module Ln_receive_AcquirePerm_2_3.
Optimizing module Ln_receive_AcquirePerm_3.
Optimizing module Ln_receive_AcquirePerm_3_1.
Optimizing module Ln_receive_AcquirePerm_3_2.
Optimizing module Ln_receive_AcquirePerm_3_3.
Optimizing module Ln_receive_AcquirePerm_6.
Optimizing module Ln_receive_AcquirePerm_6_1.
Optimizing module Ln_receive_AcquirePerm_6_2.
Optimizing module Ln_receive_AcquirePerm_6_3.
Optimizing module Ln_receive_GrantAck.
Optimizing module Ln_receive_GrantAck_2.
Optimizing module Ln_receive_ProbeAckData_1.
Optimizing module Ln_receive_ProbeAckData_1_2.
Optimizing module Ln_receive_ProbeAckData_2.
Optimizing module Ln_receive_ProbeAckData_2_2.
Optimizing module Ln_receive_ProbeAck_1.
Optimizing module Ln_receive_ProbeAck_1_2.
Optimizing module Ln_receive_ProbeAck_2.
Optimizing module Ln_receive_ProbeAck_2_2.
Optimizing module Ln_receive_ProbeAck_3.
Optimizing module Ln_receive_ProbeAck_3_2.
Optimizing module Ln_receive_Release_1.
Optimizing module Ln_receive_Release_1_2.
Optimizing module Ln_receive_Release_2.
Optimizing module Ln_receive_Release_2_2.
Optimizing module Ln_send_Release_4.
Optimizing module Ln_send_Release_4_1.
Optimizing module Ln_send_Release_5.
Optimizing module Ln_send_Release_5_1.
Optimizing module receive_ReleaseAck.
Optimizing module receive_ReleaseAck_1.
Optimizing module receive_ReleaseAck_2.
Optimizing module receive_ReleaseAck_3.
Optimizing module respond_GrantData_toB.
Optimizing module respond_GrantData_toB_1.
Optimizing module respond_GrantData_toB_2.
Optimizing module respond_GrantData_toB_3.
Optimizing module respond_GrantData_toT.
Optimizing module respond_GrantData_toT_1.
Optimizing module respond_GrantData_toT_2.
Optimizing module respond_GrantData_toT_3.
Optimizing module respond_Grant_toT.
Optimizing module respond_Grant_toT_1.
Optimizing module respond_Grant_toT_2.
Optimizing module respond_Grant_toT_3.
Optimizing module respond_ProbeBlock_TtoN_1.
Optimizing module respond_ProbeBlock_TtoN_1_1.
Optimizing module respond_ProbeBlock_TtoN_1_2.
Optimizing module respond_ProbeBlock_TtoN_1_3.
Optimizing module respond_ProbeBlock_TtoN_2.
Optimizing module respond_ProbeBlock_TtoN_2_1.
Optimizing module respond_ProbeBlock_TtoN_2_2.
Optimizing module respond_ProbeBlock_TtoN_2_3.
Optimizing module respond_ProbeBlock_toB_1.
Optimizing module respond_ProbeBlock_toB_1_1.
Optimizing module respond_ProbeBlock_toB_1_2.
Optimizing module respond_ProbeBlock_toB_1_3.
Optimizing module respond_ProbeBlock_toB_2.
Optimizing module respond_ProbeBlock_toB_2_1.
Optimizing module respond_ProbeBlock_toB_2_2.
Optimizing module respond_ProbeBlock_toB_2_3.
Optimizing module respond_ProbePerm_BtoN.
Optimizing module respond_ProbePerm_BtoN_1.
Optimizing module respond_ProbePerm_BtoN_2.
Optimizing module respond_ProbePerm_BtoN_3.
Optimizing module respond_Probe_NtoN.
Optimizing module respond_Probe_NtoN_1.
Optimizing module respond_Probe_NtoN_2.
Optimizing module respond_Probe_NtoN_3.
Optimizing module send_AcquireBlock_toB.
Optimizing module send_AcquireBlock_toB_1.
Optimizing module send_AcquireBlock_toB_2.
Optimizing module send_AcquireBlock_toB_3.
Optimizing module send_AcquireBlock_toT.
Optimizing module send_AcquireBlock_toT_1.
Optimizing module send_AcquireBlock_toT_2.
Optimizing module send_AcquireBlock_toT_3.
Optimizing module send_AcquirePerm_toT.
Optimizing module send_AcquirePerm_toT_1.
Optimizing module send_AcquirePerm_toT_2.
Optimizing module send_AcquirePerm_toT_3.
Optimizing module send_Release_BtoN.
Optimizing module send_Release_BtoN_1.
Optimizing module send_Release_BtoN_2.
Optimizing module send_Release_BtoN_3.
Optimizing module send_Release_TtoN_1.
Optimizing module send_Release_TtoN_1_1.
Optimizing module send_Release_TtoN_1_2.
Optimizing module send_Release_TtoN_1_3.
Optimizing module system.

11.2. Executing OPT_MERGE pass (detect identical cells).
Finding identical cells in module `\Init'.
Finding identical cells in module `\L3_receive_AcquireBlock'.
Finding identical cells in module `\L3_receive_AcquireBlock_1'.
Finding identical cells in module `\L3_receive_AcquirePerm'.
Finding identical cells in module `\L3_receive_AcquirePerm_1'.
Finding identical cells in module `\L3_send_release_2'.
Finding identical cells in module `\Ln_receive_AcquireBlock_2'.
Finding identical cells in module `\Ln_receive_AcquireBlock_2_1'.
Finding identical cells in module `\Ln_receive_AcquireBlock_2_2'.
Finding identical cells in module `\Ln_receive_AcquireBlock_2_3'.
Finding identical cells in module `\Ln_receive_AcquireBlock_3'.
Finding identical cells in module `\Ln_receive_AcquireBlock_3_1'.
Finding identical cells in module `\Ln_receive_AcquireBlock_3_2'.
Finding identical cells in module `\Ln_receive_AcquireBlock_3_3'.
Finding identical cells in module `\Ln_receive_AcquireBlock_6'.
Finding identical cells in module `\Ln_receive_AcquireBlock_6_1'.
Finding identical cells in module `\Ln_receive_AcquireBlock_6_2'.
Finding identical cells in module `\Ln_receive_AcquireBlock_6_3'.
Finding identical cells in module `\Ln_receive_AcquireBlock_7'.
Finding identical cells in module `\Ln_receive_AcquireBlock_7_1'.
Finding identical cells in module `\Ln_receive_AcquireBlock_7_2'.
Finding identical cells in module `\Ln_receive_AcquireBlock_7_3'.
Finding identical cells in module `\Ln_receive_AcquireBlock_8'.
Finding identical cells in module `\Ln_receive_AcquireBlock_8_1'.
Finding identical cells in module `\Ln_receive_AcquireBlock_8_2'.
Finding identical cells in module `\Ln_receive_AcquireBlock_8_3'.
Finding identical cells in module `\Ln_receive_AcquirePerm_1'.
Finding identical cells in module `\Ln_receive_AcquirePerm_1_1'.
Finding identical cells in module `\Ln_receive_AcquirePerm_1_2'.
Finding identical cells in module `\Ln_receive_AcquirePerm_1_3'.
Finding identical cells in module `\Ln_receive_AcquirePerm_2'.
Finding identical cells in module `\Ln_receive_AcquirePerm_2_1'.
Finding identical cells in module `\Ln_receive_AcquirePerm_2_2'.
Finding identical cells in module `\Ln_receive_AcquirePerm_2_3'.
Finding identical cells in module `\Ln_receive_AcquirePerm_3'.
Finding identical cells in module `\Ln_receive_AcquirePerm_3_1'.
Finding identical cells in module `\Ln_receive_AcquirePerm_3_2'.
Finding identical cells in module `\Ln_receive_AcquirePerm_3_3'.
Finding identical cells in module `\Ln_receive_AcquirePerm_6'.
Finding identical cells in module `\Ln_receive_AcquirePerm_6_1'.
Finding identical cells in module `\Ln_receive_AcquirePerm_6_2'.
Finding identical cells in module `\Ln_receive_AcquirePerm_6_3'.
Finding identical cells in module `\Ln_receive_GrantAck'.
Finding identical cells in module `\Ln_receive_GrantAck_2'.
Finding identical cells in module `\Ln_receive_ProbeAckData_1'.
Finding identical cells in module `\Ln_receive_ProbeAckData_1_2'.
Finding identical cells in module `\Ln_receive_ProbeAckData_2'.
Finding identical cells in module `\Ln_receive_ProbeAckData_2_2'.
Finding identical cells in module `\Ln_receive_ProbeAck_1'.
Finding identical cells in module `\Ln_receive_ProbeAck_1_2'.
Finding identical cells in module `\Ln_receive_ProbeAck_2'.
Finding identical cells in module `\Ln_receive_ProbeAck_2_2'.
Finding identical cells in module `\Ln_receive_ProbeAck_3'.
Finding identical cells in module `\Ln_receive_ProbeAck_3_2'.
Finding identical cells in module `\Ln_receive_Release_1'.
Finding identical cells in module `\Ln_receive_Release_1_2'.
Finding identical cells in module `\Ln_receive_Release_2'.
Finding identical cells in module `\Ln_receive_Release_2_2'.
Finding identical cells in module `\Ln_send_Release_4'.
Finding identical cells in module `\Ln_send_Release_4_1'.
Finding identical cells in module `\Ln_send_Release_5'.
Finding identical cells in module `\Ln_send_Release_5_1'.
Finding identical cells in module `\receive_ReleaseAck'.
Finding identical cells in module `\receive_ReleaseAck_1'.
Finding identical cells in module `\receive_ReleaseAck_2'.
Finding identical cells in module `\receive_ReleaseAck_3'.
Finding identical cells in module `\respond_GrantData_toB'.
Finding identical cells in module `\respond_GrantData_toB_1'.
Finding identical cells in module `\respond_GrantData_toB_2'.
Finding identical cells in module `\respond_GrantData_toB_3'.
Finding identical cells in module `\respond_GrantData_toT'.
Finding identical cells in module `\respond_GrantData_toT_1'.
Finding identical cells in module `\respond_GrantData_toT_2'.
Finding identical cells in module `\respond_GrantData_toT_3'.
Finding identical cells in module `\respond_Grant_toT'.
Finding identical cells in module `\respond_Grant_toT_1'.
Finding identical cells in module `\respond_Grant_toT_2'.
Finding identical cells in module `\respond_Grant_toT_3'.
Finding identical cells in module `\respond_ProbeBlock_TtoN_1'.
Finding identical cells in module `\respond_ProbeBlock_TtoN_1_1'.
Finding identical cells in module `\respond_ProbeBlock_TtoN_1_2'.
Finding identical cells in module `\respond_ProbeBlock_TtoN_1_3'.
Finding identical cells in module `\respond_ProbeBlock_TtoN_2'.
Finding identical cells in module `\respond_ProbeBlock_TtoN_2_1'.
Finding identical cells in module `\respond_ProbeBlock_TtoN_2_2'.
Finding identical cells in module `\respond_ProbeBlock_TtoN_2_3'.
Finding identical cells in module `\respond_ProbeBlock_toB_1'.
Finding identical cells in module `\respond_ProbeBlock_toB_1_1'.
Finding identical cells in module `\respond_ProbeBlock_toB_1_2'.
Finding identical cells in module `\respond_ProbeBlock_toB_1_3'.
Finding identical cells in module `\respond_ProbeBlock_toB_2'.
Finding identical cells in module `\respond_ProbeBlock_toB_2_1'.
Finding identical cells in module `\respond_ProbeBlock_toB_2_2'.
Finding identical cells in module `\respond_ProbeBlock_toB_2_3'.
Finding identical cells in module `\respond_ProbePerm_BtoN'.
Finding identical cells in module `\respond_ProbePerm_BtoN_1'.
Finding identical cells in module `\respond_ProbePerm_BtoN_2'.
Finding identical cells in module `\respond_ProbePerm_BtoN_3'.
Finding identical cells in module `\respond_Probe_NtoN'.
Finding identical cells in module `\respond_Probe_NtoN_1'.
Finding identical cells in module `\respond_Probe_NtoN_2'.
Finding identical cells in module `\respond_Probe_NtoN_3'.
Finding identical cells in module `\send_AcquireBlock_toB'.
Finding identical cells in module `\send_AcquireBlock_toB_1'.
Finding identical cells in module `\send_AcquireBlock_toB_2'.
Finding identical cells in module `\send_AcquireBlock_toB_3'.
Finding identical cells in module `\send_AcquireBlock_toT'.
Finding identical cells in module `\send_AcquireBlock_toT_1'.
Finding identical cells in module `\send_AcquireBlock_toT_2'.
Finding identical cells in module `\send_AcquireBlock_toT_3'.
Finding identical cells in module `\send_AcquirePerm_toT'.
Finding identical cells in module `\send_AcquirePerm_toT_1'.
Finding identical cells in module `\send_AcquirePerm_toT_2'.
Finding identical cells in module `\send_AcquirePerm_toT_3'.
Finding identical cells in module `\send_Release_BtoN'.
Finding identical cells in module `\send_Release_BtoN_1'.
Finding identical cells in module `\send_Release_BtoN_2'.
Finding identical cells in module `\send_Release_BtoN_3'.
Finding identical cells in module `\send_Release_TtoN_1'.
Finding identical cells in module `\send_Release_TtoN_1_1'.
Finding identical cells in module `\send_Release_TtoN_1_2'.
Finding identical cells in module `\send_Release_TtoN_1_3'.
Finding identical cells in module `\system'.
Removed a total of 0 cells.

11.3. Executing OPT_DFF pass (perform DFF optimizations).

11.4. Executing OPT_CLEAN pass (remove unused cells and wires).
Finding unused cells or wires in module \Init..
Finding unused cells or wires in module \L3_receive_AcquireBlock..
Finding unused cells or wires in module \L3_receive_AcquireBlock_1..
Finding unused cells or wires in module \L3_receive_AcquirePerm..
Finding unused cells or wires in module \L3_receive_AcquirePerm_1..
Finding unused cells or wires in module \L3_send_release_2..
Finding unused cells or wires in module \Ln_receive_AcquireBlock_2..
Finding unused cells or wires in module \Ln_receive_AcquireBlock_2_1..
Finding unused cells or wires in module \Ln_receive_AcquireBlock_2_2..
Finding unused cells or wires in module \Ln_receive_AcquireBlock_2_3..
Finding unused cells or wires in module \Ln_receive_AcquireBlock_3..
Finding unused cells or wires in module \Ln_receive_AcquireBlock_3_1..
Finding unused cells or wires in module \Ln_receive_AcquireBlock_3_2..
Finding unused cells or wires in module \Ln_receive_AcquireBlock_3_3..
Finding unused cells or wires in module \Ln_receive_AcquireBlock_6..
Finding unused cells or wires in module \Ln_receive_AcquireBlock_6_1..
Finding unused cells or wires in module \Ln_receive_AcquireBlock_6_2..
Finding unused cells or wires in module \Ln_receive_AcquireBlock_6_3..
Finding unused cells or wires in module \Ln_receive_AcquireBlock_7..
Finding unused cells or wires in module \Ln_receive_AcquireBlock_7_1..
Finding unused cells or wires in module \Ln_receive_AcquireBlock_7_2..
Finding unused cells or wires in module \Ln_receive_AcquireBlock_7_3..
Finding unused cells or wires in module \Ln_receive_AcquireBlock_8..
Finding unused cells or wires in module \Ln_receive_AcquireBlock_8_1..
Finding unused cells or wires in module \Ln_receive_AcquireBlock_8_2..
Finding unused cells or wires in module \Ln_receive_AcquireBlock_8_3..
Finding unused cells or wires in module \Ln_receive_AcquirePerm_1..
Finding unused cells or wires in module \Ln_receive_AcquirePerm_1_1..
Finding unused cells or wires in module \Ln_receive_AcquirePerm_1_2..
Finding unused cells or wires in module \Ln_receive_AcquirePerm_1_3..
Finding unused cells or wires in module \Ln_receive_AcquirePerm_2..
Finding unused cells or wires in module \Ln_receive_AcquirePerm_2_1..
Finding unused cells or wires in module \Ln_receive_AcquirePerm_2_2..
Finding unused cells or wires in module \Ln_receive_AcquirePerm_2_3..
Finding unused cells or wires in module \Ln_receive_AcquirePerm_3..
Finding unused cells or wires in module \Ln_receive_AcquirePerm_3_1..
Finding unused cells or wires in module \Ln_receive_AcquirePerm_3_2..
Finding unused cells or wires in module \Ln_receive_AcquirePerm_3_3..
Finding unused cells or wires in module \Ln_receive_AcquirePerm_6..
Finding unused cells or wires in module \Ln_receive_AcquirePerm_6_1..
Finding unused cells or wires in module \Ln_receive_AcquirePerm_6_2..
Finding unused cells or wires in module \Ln_receive_AcquirePerm_6_3..
Finding unused cells or wires in module \Ln_receive_GrantAck..
Finding unused cells or wires in module \Ln_receive_GrantAck_2..
Finding unused cells or wires in module \Ln_receive_ProbeAckData_1..
Finding unused cells or wires in module \Ln_receive_ProbeAckData_1_2..
Finding unused cells or wires in module \Ln_receive_ProbeAckData_2..
Finding unused cells or wires in module \Ln_receive_ProbeAckData_2_2..
Finding unused cells or wires in module \Ln_receive_ProbeAck_1..
Finding unused cells or wires in module \Ln_receive_ProbeAck_1_2..
Finding unused cells or wires in module \Ln_receive_ProbeAck_2..
Finding unused cells or wires in module \Ln_receive_ProbeAck_2_2..
Finding unused cells or wires in module \Ln_receive_ProbeAck_3..
Finding unused cells or wires in module \Ln_receive_ProbeAck_3_2..
Finding unused cells or wires in module \Ln_receive_Release_1..
Finding unused cells or wires in module \Ln_receive_Release_1_2..
Finding unused cells or wires in module \Ln_receive_Release_2..
Finding unused cells or wires in module \Ln_receive_Release_2_2..
Finding unused cells or wires in module \Ln_send_Release_4..
Finding unused cells or wires in module \Ln_send_Release_4_1..
Finding unused cells or wires in module \Ln_send_Release_5..
Finding unused cells or wires in module \Ln_send_Release_5_1..
Finding unused cells or wires in module \receive_ReleaseAck..
Finding unused cells or wires in module \receive_ReleaseAck_1..
Finding unused cells or wires in module \receive_ReleaseAck_2..
Finding unused cells or wires in module \receive_ReleaseAck_3..
Finding unused cells or wires in module \respond_GrantData_toB..
Finding unused cells or wires in module \respond_GrantData_toB_1..
Finding unused cells or wires in module \respond_GrantData_toB_2..
Finding unused cells or wires in module \respond_GrantData_toB_3..
Finding unused cells or wires in module \respond_GrantData_toT..
Finding unused cells or wires in module \respond_GrantData_toT_1..
Finding unused cells or wires in module \respond_GrantData_toT_2..
Finding unused cells or wires in module \respond_GrantData_toT_3..
Finding unused cells or wires in module \respond_Grant_toT..
Finding unused cells or wires in module \respond_Grant_toT_1..
Finding unused cells or wires in module \respond_Grant_toT_2..
Finding unused cells or wires in module \respond_Grant_toT_3..
Finding unused cells or wires in module \respond_ProbeBlock_TtoN_1..
Finding unused cells or wires in module \respond_ProbeBlock_TtoN_1_1..
Finding unused cells or wires in module \respond_ProbeBlock_TtoN_1_2..
Finding unused cells or wires in module \respond_ProbeBlock_TtoN_1_3..
Finding unused cells or wires in module \respond_ProbeBlock_TtoN_2..
Finding unused cells or wires in module \respond_ProbeBlock_TtoN_2_1..
Finding unused cells or wires in module \respond_ProbeBlock_TtoN_2_2..
Finding unused cells or wires in module \respond_ProbeBlock_TtoN_2_3..
Finding unused cells or wires in module \respond_ProbeBlock_toB_1..
Finding unused cells or wires in module \respond_ProbeBlock_toB_1_1..
Finding unused cells or wires in module \respond_ProbeBlock_toB_1_2..
Finding unused cells or wires in module \respond_ProbeBlock_toB_1_3..
Finding unused cells or wires in module \respond_ProbeBlock_toB_2..
Finding unused cells or wires in module \respond_ProbeBlock_toB_2_1..
Finding unused cells or wires in module \respond_ProbeBlock_toB_2_2..
Finding unused cells or wires in module \respond_ProbeBlock_toB_2_3..
Finding unused cells or wires in module \respond_ProbePerm_BtoN..
Finding unused cells or wires in module \respond_ProbePerm_BtoN_1..
Finding unused cells or wires in module \respond_ProbePerm_BtoN_2..
Finding unused cells or wires in module \respond_ProbePerm_BtoN_3..
Finding unused cells or wires in module \respond_Probe_NtoN..
Finding unused cells or wires in module \respond_Probe_NtoN_1..
Finding unused cells or wires in module \respond_Probe_NtoN_2..
Finding unused cells or wires in module \respond_Probe_NtoN_3..
Finding unused cells or wires in module \send_AcquireBlock_toB..
Finding unused cells or wires in module \send_AcquireBlock_toB_1..
Finding unused cells or wires in module \send_AcquireBlock_toB_2..
Finding unused cells or wires in module \send_AcquireBlock_toB_3..
Finding unused cells or wires in module \send_AcquireBlock_toT..
Finding unused cells or wires in module \send_AcquireBlock_toT_1..
Finding unused cells or wires in module \send_AcquireBlock_toT_2..
Finding unused cells or wires in module \send_AcquireBlock_toT_3..
Finding unused cells or wires in module \send_AcquirePerm_toT..
Finding unused cells or wires in module \send_AcquirePerm_toT_1..
Finding unused cells or wires in module \send_AcquirePerm_toT_2..
Finding unused cells or wires in module \send_AcquirePerm_toT_3..
Finding unused cells or wires in module \send_Release_BtoN..
Finding unused cells or wires in module \send_Release_BtoN_1..
Finding unused cells or wires in module \send_Release_BtoN_2..
Finding unused cells or wires in module \send_Release_BtoN_3..
Finding unused cells or wires in module \send_Release_TtoN_1..
Finding unused cells or wires in module \send_Release_TtoN_1_1..
Finding unused cells or wires in module \send_Release_TtoN_1_2..
Finding unused cells or wires in module \send_Release_TtoN_1_3..
Finding unused cells or wires in module \system..

11.5. Finished fast OPT passes.

12. Executing OPT_CLEAN pass (remove unused cells and wires).
Finding unused cells or wires in module \Init..
Finding unused cells or wires in module \L3_receive_AcquireBlock..
Finding unused cells or wires in module \L3_receive_AcquireBlock_1..
Finding unused cells or wires in module \L3_receive_AcquirePerm..
Finding unused cells or wires in module \L3_receive_AcquirePerm_1..
Finding unused cells or wires in module \L3_send_release_2..
Finding unused cells or wires in module \Ln_receive_AcquireBlock_2..
Finding unused cells or wires in module \Ln_receive_AcquireBlock_2_1..
Finding unused cells or wires in module \Ln_receive_AcquireBlock_2_2..
Finding unused cells or wires in module \Ln_receive_AcquireBlock_2_3..
Finding unused cells or wires in module \Ln_receive_AcquireBlock_3..
Finding unused cells or wires in module \Ln_receive_AcquireBlock_3_1..
Finding unused cells or wires in module \Ln_receive_AcquireBlock_3_2..
Finding unused cells or wires in module \Ln_receive_AcquireBlock_3_3..
Finding unused cells or wires in module \Ln_receive_AcquireBlock_6..
Finding unused cells or wires in module \Ln_receive_AcquireBlock_6_1..
Finding unused cells or wires in module \Ln_receive_AcquireBlock_6_2..
Finding unused cells or wires in module \Ln_receive_AcquireBlock_6_3..
Finding unused cells or wires in module \Ln_receive_AcquireBlock_7..
Finding unused cells or wires in module \Ln_receive_AcquireBlock_7_1..
Finding unused cells or wires in module \Ln_receive_AcquireBlock_7_2..
Finding unused cells or wires in module \Ln_receive_AcquireBlock_7_3..
Finding unused cells or wires in module \Ln_receive_AcquireBlock_8..
Finding unused cells or wires in module \Ln_receive_AcquireBlock_8_1..
Finding unused cells or wires in module \Ln_receive_AcquireBlock_8_2..
Finding unused cells or wires in module \Ln_receive_AcquireBlock_8_3..
Finding unused cells or wires in module \Ln_receive_AcquirePerm_1..
Finding unused cells or wires in module \Ln_receive_AcquirePerm_1_1..
Finding unused cells or wires in module \Ln_receive_AcquirePerm_1_2..
Finding unused cells or wires in module \Ln_receive_AcquirePerm_1_3..
Finding unused cells or wires in module \Ln_receive_AcquirePerm_2..
Finding unused cells or wires in module \Ln_receive_AcquirePerm_2_1..
Finding unused cells or wires in module \Ln_receive_AcquirePerm_2_2..
Finding unused cells or wires in module \Ln_receive_AcquirePerm_2_3..
Finding unused cells or wires in module \Ln_receive_AcquirePerm_3..
Finding unused cells or wires in module \Ln_receive_AcquirePerm_3_1..
Finding unused cells or wires in module \Ln_receive_AcquirePerm_3_2..
Finding unused cells or wires in module \Ln_receive_AcquirePerm_3_3..
Finding unused cells or wires in module \Ln_receive_AcquirePerm_6..
Finding unused cells or wires in module \Ln_receive_AcquirePerm_6_1..
Finding unused cells or wires in module \Ln_receive_AcquirePerm_6_2..
Finding unused cells or wires in module \Ln_receive_AcquirePerm_6_3..
Finding unused cells or wires in module \Ln_receive_GrantAck..
Finding unused cells or wires in module \Ln_receive_GrantAck_2..
Finding unused cells or wires in module \Ln_receive_ProbeAckData_1..
Finding unused cells or wires in module \Ln_receive_ProbeAckData_1_2..
Finding unused cells or wires in module \Ln_receive_ProbeAckData_2..
Finding unused cells or wires in module \Ln_receive_ProbeAckData_2_2..
Finding unused cells or wires in module \Ln_receive_ProbeAck_1..
Finding unused cells or wires in module \Ln_receive_ProbeAck_1_2..
Finding unused cells or wires in module \Ln_receive_ProbeAck_2..
Finding unused cells or wires in module \Ln_receive_ProbeAck_2_2..
Finding unused cells or wires in module \Ln_receive_ProbeAck_3..
Finding unused cells or wires in module \Ln_receive_ProbeAck_3_2..
Finding unused cells or wires in module \Ln_receive_Release_1..
Finding unused cells or wires in module \Ln_receive_Release_1_2..
Finding unused cells or wires in module \Ln_receive_Release_2..
Finding unused cells or wires in module \Ln_receive_Release_2_2..
Finding unused cells or wires in module \Ln_send_Release_4..
Finding unused cells or wires in module \Ln_send_Release_4_1..
Finding unused cells or wires in module \Ln_send_Release_5..
Finding unused cells or wires in module \Ln_send_Release_5_1..
Finding unused cells or wires in module \receive_ReleaseAck..
Finding unused cells or wires in module \receive_ReleaseAck_1..
Finding unused cells or wires in module \receive_ReleaseAck_2..
Finding unused cells or wires in module \receive_ReleaseAck_3..
Finding unused cells or wires in module \respond_GrantData_toB..
Finding unused cells or wires in module \respond_GrantData_toB_1..
Finding unused cells or wires in module \respond_GrantData_toB_2..
Finding unused cells or wires in module \respond_GrantData_toB_3..
Finding unused cells or wires in module \respond_GrantData_toT..
Finding unused cells or wires in module \respond_GrantData_toT_1..
Finding unused cells or wires in module \respond_GrantData_toT_2..
Finding unused cells or wires in module \respond_GrantData_toT_3..
Finding unused cells or wires in module \respond_Grant_toT..
Finding unused cells or wires in module \respond_Grant_toT_1..
Finding unused cells or wires in module \respond_Grant_toT_2..
Finding unused cells or wires in module \respond_Grant_toT_3..
Finding unused cells or wires in module \respond_ProbeBlock_TtoN_1..
Finding unused cells or wires in module \respond_ProbeBlock_TtoN_1_1..
Finding unused cells or wires in module \respond_ProbeBlock_TtoN_1_2..
Finding unused cells or wires in module \respond_ProbeBlock_TtoN_1_3..
Finding unused cells or wires in module \respond_ProbeBlock_TtoN_2..
Finding unused cells or wires in module \respond_ProbeBlock_TtoN_2_1..
Finding unused cells or wires in module \respond_ProbeBlock_TtoN_2_2..
Finding unused cells or wires in module \respond_ProbeBlock_TtoN_2_3..
Finding unused cells or wires in module \respond_ProbeBlock_toB_1..
Finding unused cells or wires in module \respond_ProbeBlock_toB_1_1..
Finding unused cells or wires in module \respond_ProbeBlock_toB_1_2..
Finding unused cells or wires in module \respond_ProbeBlock_toB_1_3..
Finding unused cells or wires in module \respond_ProbeBlock_toB_2..
Finding unused cells or wires in module \respond_ProbeBlock_toB_2_1..
Finding unused cells or wires in module \respond_ProbeBlock_toB_2_2..
Finding unused cells or wires in module \respond_ProbeBlock_toB_2_3..
Finding unused cells or wires in module \respond_ProbePerm_BtoN..
Finding unused cells or wires in module \respond_ProbePerm_BtoN_1..
Finding unused cells or wires in module \respond_ProbePerm_BtoN_2..
Finding unused cells or wires in module \respond_ProbePerm_BtoN_3..
Finding unused cells or wires in module \respond_Probe_NtoN..
Finding unused cells or wires in module \respond_Probe_NtoN_1..
Finding unused cells or wires in module \respond_Probe_NtoN_2..
Finding unused cells or wires in module \respond_Probe_NtoN_3..
Finding unused cells or wires in module \send_AcquireBlock_toB..
Finding unused cells or wires in module \send_AcquireBlock_toB_1..
Finding unused cells or wires in module \send_AcquireBlock_toB_2..
Finding unused cells or wires in module \send_AcquireBlock_toB_3..
Finding unused cells or wires in module \send_AcquireBlock_toT..
Finding unused cells or wires in module \send_AcquireBlock_toT_1..
Finding unused cells or wires in module \send_AcquireBlock_toT_2..
Finding unused cells or wires in module \send_AcquireBlock_toT_3..
Finding unused cells or wires in module \send_AcquirePerm_toT..
Finding unused cells or wires in module \send_AcquirePerm_toT_1..
Finding unused cells or wires in module \send_AcquirePerm_toT_2..
Finding unused cells or wires in module \send_AcquirePerm_toT_3..
Finding unused cells or wires in module \send_Release_BtoN..
Finding unused cells or wires in module \send_Release_BtoN_1..
Finding unused cells or wires in module \send_Release_BtoN_2..
Finding unused cells or wires in module \send_Release_BtoN_3..
Finding unused cells or wires in module \send_Release_TtoN_1..
Finding unused cells or wires in module \send_Release_TtoN_1_1..
Finding unused cells or wires in module \send_Release_TtoN_1_2..
Finding unused cells or wires in module \send_Release_TtoN_1_3..
Finding unused cells or wires in module \system..
Removed 0 unused cells and 8 unused wires.
<suppressed ~1 debug messages>

13. Executing RTLIL backend.
Output filename: ../model/design_prep.il

End of script. Logfile hash: aec1d42f3b, CPU: user 6.15s system 0.14s, MEM: 434.45 MB peak
Yosys 0.26+53 (git sha1 8216b23fb, clang 10.0.0-4ubuntu1 -fPIC -Os)
Time spent: 32% 4x opt_clean (1 sec), 18% 1x check (1 sec), ...
